INFO:werkzeug: * Running on http://127.0.0.1:5000/ (Press CTRL+C to quit)
INFO:werkzeug: * Running on http://127.0.0.1:5000/ (Press CTRL+C to quit)
INFO:werkzeug: * Running on http://127.0.0.1:5000/ (Press CTRL+C to quit)
INFO:werkzeug: * Running on http://127.0.0.1:5000/ (Press CTRL+C to quit)
INFO:werkzeug: * Running on http://127.0.0.1:5000/ (Press CTRL+C to quit)
DEBUG:urllib3.connectionpool:Starting new HTTPS connection (1): newsapi.org:443
DEBUG:urllib3.connectionpool:https://newsapi.org:443 "GET /v2/top-headlines?q=covid&language=en&country=gb HTTP/1.1" 200 None
DEBUG:urllib3.connectionpool:Starting new HTTPS connection (1): newsapi.org:443
DEBUG:urllib3.connectionpool:https://newsapi.org:443 "GET /v2/top-headlines?q=covid-19&language=en&country=gb HTTP/1.1" 200 None
DEBUG:urllib3.connectionpool:Starting new HTTPS connection (1): newsapi.org:443
DEBUG:urllib3.connectionpool:https://newsapi.org:443 "GET /v2/top-headlines?q=coronavirus&language=en&country=gb HTTP/1.1" 200 None
DEBUG:urllib3.connectionpool:Starting new HTTPS connection (1): api.coronavirus.data.gov.uk:443
DEBUG:urllib3.connectionpool:https://api.coronavirus.data.gov.uk:443 "GET /v1/data?filters=areaType%3Dltla%3BareaName%3DExeter&structure=%7B%22areaCode%22%3A%22areaCode%22%2C%22areaName%22%3A%22areaName%22%2C%22areaType%22%3A%22areaType%22%2C%22date%22%3A%22date%22%2C%22cumDailyNsoDeathsByDeathDate%22%3A%22cumDailyNsoDeathsByDeathDate%22%2C%22hospitalCases%22%3A%22hospitalCases%22%2C%22newCasesBySpecimenDate%22%3A%22newCasesBySpecimenDate%22%7D&format=json&page=1 HTTP/1.1" 200 None
DEBUG:urllib3.connectionpool:Starting new HTTPS connection (1): api.coronavirus.data.gov.uk:443
DEBUG:urllib3.connectionpool:https://api.coronavirus.data.gov.uk:443 "GET /v1/data?filters=areaType%3Dltla%3BareaName%3DExeter&structure=%7B%22areaCode%22%3A%22areaCode%22%2C%22areaName%22%3A%22areaName%22%2C%22areaType%22%3A%22areaType%22%2C%22date%22%3A%22date%22%2C%22cumDailyNsoDeathsByDeathDate%22%3A%22cumDailyNsoDeathsByDeathDate%22%2C%22hospitalCases%22%3A%22hospitalCases%22%2C%22newCasesBySpecimenDate%22%3A%22newCasesBySpecimenDate%22%7D&format=json&page=2 HTTP/1.1" 204 0
DEBUG:urllib3.connectionpool:Starting new HTTPS connection (1): api.coronavirus.data.gov.uk:443
DEBUG:urllib3.connectionpool:https://api.coronavirus.data.gov.uk:443 "GET /v1/data?filters=areaType%3Dnation%3BareaName%3DEngland&structure=%7B%22areaCode%22%3A%22areaCode%22%2C%22areaName%22%3A%22areaName%22%2C%22areaType%22%3A%22areaType%22%2C%22date%22%3A%22date%22%2C%22cumDailyNsoDeathsByDeathDate%22%3A%22cumDailyNsoDeathsByDeathDate%22%2C%22hospitalCases%22%3A%22hospitalCases%22%2C%22newCasesBySpecimenDate%22%3A%22newCasesBySpecimenDate%22%7D&format=json&page=1 HTTP/1.1" 200 None
DEBUG:urllib3.connectionpool:Starting new HTTPS connection (1): api.coronavirus.data.gov.uk:443
DEBUG:urllib3.connectionpool:https://api.coronavirus.data.gov.uk:443 "GET /v1/data?filters=areaType%3Dnation%3BareaName%3DEngland&structure=%7B%22areaCode%22%3A%22areaCode%22%2C%22areaName%22%3A%22areaName%22%2C%22areaType%22%3A%22areaType%22%2C%22date%22%3A%22date%22%2C%22cumDailyNsoDeathsByDeathDate%22%3A%22cumDailyNsoDeathsByDeathDate%22%2C%22hospitalCases%22%3A%22hospitalCases%22%2C%22newCasesBySpecimenDate%22%3A%22newCasesBySpecimenDate%22%7D&format=json&page=2 HTTP/1.1" 204 0
INFO:werkzeug:127.0.0.1 - - [07/Dec/2021 13:07:52] "GET / HTTP/1.1" 200 -
INFO:werkzeug:127.0.0.1 - - [07/Dec/2021 13:07:52] "[36mGET /static/images/favicon.ico HTTP/1.1[0m" 304 -
DEBUG:urllib3.connectionpool:Starting new HTTPS connection (1): api.coronavirus.data.gov.uk:443
DEBUG:urllib3.connectionpool:https://api.coronavirus.data.gov.uk:443 "GET /v1/data?filters=areaType%3Dltla%3BareaName%3DExeter&structure=%7B%22areaCode%22%3A%22areaCode%22%2C%22areaName%22%3A%22areaName%22%2C%22areaType%22%3A%22areaType%22%2C%22date%22%3A%22date%22%2C%22cumDailyNsoDeathsByDeathDate%22%3A%22cumDailyNsoDeathsByDeathDate%22%2C%22hospitalCases%22%3A%22hospitalCases%22%2C%22newCasesBySpecimenDate%22%3A%22newCasesBySpecimenDate%22%7D&format=json&page=1 HTTP/1.1" 200 None
DEBUG:urllib3.connectionpool:Starting new HTTPS connection (1): api.coronavirus.data.gov.uk:443
DEBUG:urllib3.connectionpool:https://api.coronavirus.data.gov.uk:443 "GET /v1/data?filters=areaType%3Dltla%3BareaName%3DExeter&structure=%7B%22areaCode%22%3A%22areaCode%22%2C%22areaName%22%3A%22areaName%22%2C%22areaType%22%3A%22areaType%22%2C%22date%22%3A%22date%22%2C%22cumDailyNsoDeathsByDeathDate%22%3A%22cumDailyNsoDeathsByDeathDate%22%2C%22hospitalCases%22%3A%22hospitalCases%22%2C%22newCasesBySpecimenDate%22%3A%22newCasesBySpecimenDate%22%7D&format=json&page=2 HTTP/1.1" 204 0
DEBUG:urllib3.connectionpool:Starting new HTTPS connection (1): api.coronavirus.data.gov.uk:443
DEBUG:urllib3.connectionpool:https://api.coronavirus.data.gov.uk:443 "GET /v1/data?filters=areaType%3Dnation%3BareaName%3DEngland&structure=%7B%22areaCode%22%3A%22areaCode%22%2C%22areaName%22%3A%22areaName%22%2C%22areaType%22%3A%22areaType%22%2C%22date%22%3A%22date%22%2C%22cumDailyNsoDeathsByDeathDate%22%3A%22cumDailyNsoDeathsByDeathDate%22%2C%22hospitalCases%22%3A%22hospitalCases%22%2C%22newCasesBySpecimenDate%22%3A%22newCasesBySpecimenDate%22%7D&format=json&page=1 HTTP/1.1" 200 None
DEBUG:urllib3.connectionpool:Starting new HTTPS connection (1): api.coronavirus.data.gov.uk:443
DEBUG:urllib3.connectionpool:https://api.coronavirus.data.gov.uk:443 "GET /v1/data?filters=areaType%3Dnation%3BareaName%3DEngland&structure=%7B%22areaCode%22%3A%22areaCode%22%2C%22areaName%22%3A%22areaName%22%2C%22areaType%22%3A%22areaType%22%2C%22date%22%3A%22date%22%2C%22cumDailyNsoDeathsByDeathDate%22%3A%22cumDailyNsoDeathsByDeathDate%22%2C%22hospitalCases%22%3A%22hospitalCases%22%2C%22newCasesBySpecimenDate%22%3A%22newCasesBySpecimenDate%22%7D&format=json&page=2 HTTP/1.1" 204 0
INFO:werkzeug:127.0.0.1 - - [07/Dec/2021 13:08:27] "GET /index?notif=Nearly+all+children+have+fallen+behind+because+of+Covid%2C+Ofsted+warns+-+Telegraph.co.uk HTTP/1.1" 200 -
INFO:werkzeug:127.0.0.1 - - [07/Dec/2021 13:08:27] "[36mGET /static/images/favicon.ico HTTP/1.1[0m" 304 -
INFO:werkzeug: * Running on http://127.0.0.1:5000/ (Press CTRL+C to quit)
DEBUG:urllib3.connectionpool:Starting new HTTPS connection (1): newsapi.org:443
DEBUG:urllib3.connectionpool:https://newsapi.org:443 "GET /v2/top-headlines?q=covid&language=en&country=gb HTTP/1.1" 200 None
DEBUG:urllib3.connectionpool:Starting new HTTPS connection (1): newsapi.org:443
DEBUG:urllib3.connectionpool:https://newsapi.org:443 "GET /v2/top-headlines?q=covid-19&language=en&country=gb HTTP/1.1" 200 None
DEBUG:urllib3.connectionpool:Starting new HTTPS connection (1): newsapi.org:443
DEBUG:urllib3.connectionpool:https://newsapi.org:443 "GET /v2/top-headlines?q=coronavirus&language=en&country=gb HTTP/1.1" 200 None
DEBUG:urllib3.connectionpool:Starting new HTTPS connection (1): api.coronavirus.data.gov.uk:443
DEBUG:urllib3.connectionpool:https://api.coronavirus.data.gov.uk:443 "GET /v1/data?filters=areaType%3Dltla%3BareaName%3DExeter&structure=%7B%22areaCode%22%3A%22areaCode%22%2C%22areaName%22%3A%22areaName%22%2C%22areaType%22%3A%22areaType%22%2C%22date%22%3A%22date%22%2C%22cumDailyNsoDeathsByDeathDate%22%3A%22cumDailyNsoDeathsByDeathDate%22%2C%22hospitalCases%22%3A%22hospitalCases%22%2C%22newCasesBySpecimenDate%22%3A%22newCasesBySpecimenDate%22%7D&format=json&page=1 HTTP/1.1" 200 None
DEBUG:urllib3.connectionpool:Starting new HTTPS connection (1): api.coronavirus.data.gov.uk:443
DEBUG:urllib3.connectionpool:https://api.coronavirus.data.gov.uk:443 "GET /v1/data?filters=areaType%3Dltla%3BareaName%3DExeter&structure=%7B%22areaCode%22%3A%22areaCode%22%2C%22areaName%22%3A%22areaName%22%2C%22areaType%22%3A%22areaType%22%2C%22date%22%3A%22date%22%2C%22cumDailyNsoDeathsByDeathDate%22%3A%22cumDailyNsoDeathsByDeathDate%22%2C%22hospitalCases%22%3A%22hospitalCases%22%2C%22newCasesBySpecimenDate%22%3A%22newCasesBySpecimenDate%22%7D&format=json&page=2 HTTP/1.1" 204 0
DEBUG:urllib3.connectionpool:Starting new HTTPS connection (1): api.coronavirus.data.gov.uk:443
DEBUG:urllib3.connectionpool:https://api.coronavirus.data.gov.uk:443 "GET /v1/data?filters=areaType%3Dnation%3BareaName%3DEngland&structure=%7B%22areaCode%22%3A%22areaCode%22%2C%22areaName%22%3A%22areaName%22%2C%22areaType%22%3A%22areaType%22%2C%22date%22%3A%22date%22%2C%22cumDailyNsoDeathsByDeathDate%22%3A%22cumDailyNsoDeathsByDeathDate%22%2C%22hospitalCases%22%3A%22hospitalCases%22%2C%22newCasesBySpecimenDate%22%3A%22newCasesBySpecimenDate%22%7D&format=json&page=1 HTTP/1.1" 200 None
DEBUG:urllib3.connectionpool:Starting new HTTPS connection (1): api.coronavirus.data.gov.uk:443
DEBUG:urllib3.connectionpool:https://api.coronavirus.data.gov.uk:443 "GET /v1/data?filters=areaType%3Dnation%3BareaName%3DEngland&structure=%7B%22areaCode%22%3A%22areaCode%22%2C%22areaName%22%3A%22areaName%22%2C%22areaType%22%3A%22areaType%22%2C%22date%22%3A%22date%22%2C%22cumDailyNsoDeathsByDeathDate%22%3A%22cumDailyNsoDeathsByDeathDate%22%2C%22hospitalCases%22%3A%22hospitalCases%22%2C%22newCasesBySpecimenDate%22%3A%22newCasesBySpecimenDate%22%7D&format=json&page=2 HTTP/1.1" 204 0
INFO:werkzeug:127.0.0.1 - - [07/Dec/2021 13:12:04] "GET / HTTP/1.1" 200 -
INFO:werkzeug:127.0.0.1 - - [07/Dec/2021 13:12:04] "[36mGET /static/images/favicon.ico HTTP/1.1[0m" 304 -
DEBUG:urllib3.connectionpool:Starting new HTTPS connection (1): api.coronavirus.data.gov.uk:443
DEBUG:urllib3.connectionpool:https://api.coronavirus.data.gov.uk:443 "GET /v1/data?filters=areaType%3Dltla%3BareaName%3DExeter&structure=%7B%22areaCode%22%3A%22areaCode%22%2C%22areaName%22%3A%22areaName%22%2C%22areaType%22%3A%22areaType%22%2C%22date%22%3A%22date%22%2C%22cumDailyNsoDeathsByDeathDate%22%3A%22cumDailyNsoDeathsByDeathDate%22%2C%22hospitalCases%22%3A%22hospitalCases%22%2C%22newCasesBySpecimenDate%22%3A%22newCasesBySpecimenDate%22%7D&format=json&page=1 HTTP/1.1" 200 None
DEBUG:urllib3.connectionpool:Starting new HTTPS connection (1): api.coronavirus.data.gov.uk:443
DEBUG:urllib3.connectionpool:https://api.coronavirus.data.gov.uk:443 "GET /v1/data?filters=areaType%3Dltla%3BareaName%3DExeter&structure=%7B%22areaCode%22%3A%22areaCode%22%2C%22areaName%22%3A%22areaName%22%2C%22areaType%22%3A%22areaType%22%2C%22date%22%3A%22date%22%2C%22cumDailyNsoDeathsByDeathDate%22%3A%22cumDailyNsoDeathsByDeathDate%22%2C%22hospitalCases%22%3A%22hospitalCases%22%2C%22newCasesBySpecimenDate%22%3A%22newCasesBySpecimenDate%22%7D&format=json&page=2 HTTP/1.1" 204 0
DEBUG:urllib3.connectionpool:Starting new HTTPS connection (1): api.coronavirus.data.gov.uk:443
DEBUG:urllib3.connectionpool:Starting new HTTPS connection (1): api.coronavirus.data.gov.uk:443
DEBUG:urllib3.connectionpool:https://api.coronavirus.data.gov.uk:443 "GET /v1/data?filters=areaType%3Dltla%3BareaName%3DExeter&structure=%7B%22areaCode%22%3A%22areaCode%22%2C%22areaName%22%3A%22areaName%22%2C%22areaType%22%3A%22areaType%22%2C%22date%22%3A%22date%22%2C%22cumDailyNsoDeathsByDeathDate%22%3A%22cumDailyNsoDeathsByDeathDate%22%2C%22hospitalCases%22%3A%22hospitalCases%22%2C%22newCasesBySpecimenDate%22%3A%22newCasesBySpecimenDate%22%7D&format=json&page=1 HTTP/1.1" 200 None
DEBUG:urllib3.connectionpool:https://api.coronavirus.data.gov.uk:443 "GET /v1/data?filters=areaType%3Dnation%3BareaName%3DEngland&structure=%7B%22areaCode%22%3A%22areaCode%22%2C%22areaName%22%3A%22areaName%22%2C%22areaType%22%3A%22areaType%22%2C%22date%22%3A%22date%22%2C%22cumDailyNsoDeathsByDeathDate%22%3A%22cumDailyNsoDeathsByDeathDate%22%2C%22hospitalCases%22%3A%22hospitalCases%22%2C%22newCasesBySpecimenDate%22%3A%22newCasesBySpecimenDate%22%7D&format=json&page=1 HTTP/1.1" 200 None
DEBUG:urllib3.connectionpool:Starting new HTTPS connection (1): api.coronavirus.data.gov.uk:443
DEBUG:urllib3.connectionpool:Starting new HTTPS connection (1): api.coronavirus.data.gov.uk:443
DEBUG:urllib3.connectionpool:https://api.coronavirus.data.gov.uk:443 "GET /v1/data?filters=areaType%3Dltla%3BareaName%3DExeter&structure=%7B%22areaCode%22%3A%22areaCode%22%2C%22areaName%22%3A%22areaName%22%2C%22areaType%22%3A%22areaType%22%2C%22date%22%3A%22date%22%2C%22cumDailyNsoDeathsByDeathDate%22%3A%22cumDailyNsoDeathsByDeathDate%22%2C%22hospitalCases%22%3A%22hospitalCases%22%2C%22newCasesBySpecimenDate%22%3A%22newCasesBySpecimenDate%22%7D&format=json&page=2 HTTP/1.1" 204 0
DEBUG:urllib3.connectionpool:Starting new HTTPS connection (1): api.coronavirus.data.gov.uk:443
DEBUG:urllib3.connectionpool:https://api.coronavirus.data.gov.uk:443 "GET /v1/data?filters=areaType%3Dnation%3BareaName%3DEngland&structure=%7B%22areaCode%22%3A%22areaCode%22%2C%22areaName%22%3A%22areaName%22%2C%22areaType%22%3A%22areaType%22%2C%22date%22%3A%22date%22%2C%22cumDailyNsoDeathsByDeathDate%22%3A%22cumDailyNsoDeathsByDeathDate%22%2C%22hospitalCases%22%3A%22hospitalCases%22%2C%22newCasesBySpecimenDate%22%3A%22newCasesBySpecimenDate%22%7D&format=json&page=2 HTTP/1.1" 204 0
DEBUG:urllib3.connectionpool:Starting new HTTPS connection (1): api.coronavirus.data.gov.uk:443
INFO:werkzeug:127.0.0.1 - - [07/Dec/2021 13:12:25] "GET /index?notif=Nearly+all+children+have+fallen+behind+because+of+Covid%2C+Ofsted+warns+-+Telegraph.co.uk HTTP/1.1" 200 -
DEBUG:urllib3.connectionpool:https://api.coronavirus.data.gov.uk:443 "GET /v1/data?filters=areaType%3Dltla%3BareaName%3DExeter&structure=%7B%22areaCode%22%3A%22areaCode%22%2C%22areaName%22%3A%22areaName%22%2C%22areaType%22%3A%22areaType%22%2C%22date%22%3A%22date%22%2C%22cumDailyNsoDeathsByDeathDate%22%3A%22cumDailyNsoDeathsByDeathDate%22%2C%22hospitalCases%22%3A%22hospitalCases%22%2C%22newCasesBySpecimenDate%22%3A%22newCasesBySpecimenDate%22%7D&format=json&page=1 HTTP/1.1" 200 None
DEBUG:urllib3.connectionpool:https://api.coronavirus.data.gov.uk:443 "GET /v1/data?filters=areaType%3Dnation%3BareaName%3DEngland&structure=%7B%22areaCode%22%3A%22areaCode%22%2C%22areaName%22%3A%22areaName%22%2C%22areaType%22%3A%22areaType%22%2C%22date%22%3A%22date%22%2C%22cumDailyNsoDeathsByDeathDate%22%3A%22cumDailyNsoDeathsByDeathDate%22%2C%22hospitalCases%22%3A%22hospitalCases%22%2C%22newCasesBySpecimenDate%22%3A%22newCasesBySpecimenDate%22%7D&format=json&page=1 HTTP/1.1" 200 None
DEBUG:urllib3.connectionpool:Starting new HTTPS connection (1): api.coronavirus.data.gov.uk:443
DEBUG:urllib3.connectionpool:Starting new HTTPS connection (1): api.coronavirus.data.gov.uk:443
DEBUG:urllib3.connectionpool:https://api.coronavirus.data.gov.uk:443 "GET /v1/data?filters=areaType%3Dltla%3BareaName%3DExeter&structure=%7B%22areaCode%22%3A%22areaCode%22%2C%22areaName%22%3A%22areaName%22%2C%22areaType%22%3A%22areaType%22%2C%22date%22%3A%22date%22%2C%22cumDailyNsoDeathsByDeathDate%22%3A%22cumDailyNsoDeathsByDeathDate%22%2C%22hospitalCases%22%3A%22hospitalCases%22%2C%22newCasesBySpecimenDate%22%3A%22newCasesBySpecimenDate%22%7D&format=json&page=2 HTTP/1.1" 204 0
DEBUG:urllib3.connectionpool:Starting new HTTPS connection (1): api.coronavirus.data.gov.uk:443
DEBUG:urllib3.connectionpool:https://api.coronavirus.data.gov.uk:443 "GET /v1/data?filters=areaType%3Dnation%3BareaName%3DEngland&structure=%7B%22areaCode%22%3A%22areaCode%22%2C%22areaName%22%3A%22areaName%22%2C%22areaType%22%3A%22areaType%22%2C%22date%22%3A%22date%22%2C%22cumDailyNsoDeathsByDeathDate%22%3A%22cumDailyNsoDeathsByDeathDate%22%2C%22hospitalCases%22%3A%22hospitalCases%22%2C%22newCasesBySpecimenDate%22%3A%22newCasesBySpecimenDate%22%7D&format=json&page=2 HTTP/1.1" 204 0
INFO:werkzeug:127.0.0.1 - - [07/Dec/2021 13:12:26] "GET /index?notif=What+are+the+UK%27s+new+Covid+travel+rules%3F+The+latest+on+self-isolation+and+PCR+tests+-+The+Times HTTP/1.1" 200 -
DEBUG:urllib3.connectionpool:https://api.coronavirus.data.gov.uk:443 "GET /v1/data?filters=areaType%3Dnation%3BareaName%3DEngland&structure=%7B%22areaCode%22%3A%22areaCode%22%2C%22areaName%22%3A%22areaName%22%2C%22areaType%22%3A%22areaType%22%2C%22date%22%3A%22date%22%2C%22cumDailyNsoDeathsByDeathDate%22%3A%22cumDailyNsoDeathsByDeathDate%22%2C%22hospitalCases%22%3A%22hospitalCases%22%2C%22newCasesBySpecimenDate%22%3A%22newCasesBySpecimenDate%22%7D&format=json&page=1 HTTP/1.1" 200 None
DEBUG:urllib3.connectionpool:Starting new HTTPS connection (1): api.coronavirus.data.gov.uk:443
DEBUG:urllib3.connectionpool:https://api.coronavirus.data.gov.uk:443 "GET /v1/data?filters=areaType%3Dnation%3BareaName%3DEngland&structure=%7B%22areaCode%22%3A%22areaCode%22%2C%22areaName%22%3A%22areaName%22%2C%22areaType%22%3A%22areaType%22%2C%22date%22%3A%22date%22%2C%22cumDailyNsoDeathsByDeathDate%22%3A%22cumDailyNsoDeathsByDeathDate%22%2C%22hospitalCases%22%3A%22hospitalCases%22%2C%22newCasesBySpecimenDate%22%3A%22newCasesBySpecimenDate%22%7D&format=json&page=2 HTTP/1.1" 204 0
INFO:werkzeug:127.0.0.1 - - [07/Dec/2021 13:12:27] "GET /index?notif=Covid+vaccine+booster+rollout+at+a+standstill+despite+No+10+pledge+to+put+it+%27on+steroids%27+-+Telegraph.co.uk HTTP/1.1" 200 -
INFO:werkzeug:127.0.0.1 - - [07/Dec/2021 13:12:27] "[36mGET /static/images/favicon.ico HTTP/1.1[0m" 304 -
DEBUG:urllib3.connectionpool:Starting new HTTPS connection (1): newsapi.org:443
DEBUG:urllib3.connectionpool:https://newsapi.org:443 "GET /v2/top-headlines?q=covid&language=en&country=gb HTTP/1.1" 200 None
DEBUG:urllib3.connectionpool:Starting new HTTPS connection (1): newsapi.org:443
DEBUG:urllib3.connectionpool:https://newsapi.org:443 "GET /v2/top-headlines?q=covid-19&language=en&country=gb HTTP/1.1" 200 None
DEBUG:urllib3.connectionpool:Starting new HTTPS connection (1): newsapi.org:443
DEBUG:urllib3.connectionpool:https://newsapi.org:443 "GET /v2/top-headlines?q=coronavirus&language=en&country=gb HTTP/1.1" 200 None
DEBUG:urllib3.connectionpool:Starting new HTTPS connection (1): api.coronavirus.data.gov.uk:443
DEBUG:urllib3.connectionpool:https://api.coronavirus.data.gov.uk:443 "GET /v1/data?filters=areaType%3Dltla%3BareaName%3DExeter&structure=%7B%22areaCode%22%3A%22areaCode%22%2C%22areaName%22%3A%22areaName%22%2C%22areaType%22%3A%22areaType%22%2C%22date%22%3A%22date%22%2C%22cumDailyNsoDeathsByDeathDate%22%3A%22cumDailyNsoDeathsByDeathDate%22%2C%22hospitalCases%22%3A%22hospitalCases%22%2C%22newCasesBySpecimenDate%22%3A%22newCasesBySpecimenDate%22%7D&format=json&page=1 HTTP/1.1" 200 None
DEBUG:urllib3.connectionpool:Starting new HTTPS connection (1): api.coronavirus.data.gov.uk:443
DEBUG:urllib3.connectionpool:https://api.coronavirus.data.gov.uk:443 "GET /v1/data?filters=areaType%3Dltla%3BareaName%3DExeter&structure=%7B%22areaCode%22%3A%22areaCode%22%2C%22areaName%22%3A%22areaName%22%2C%22areaType%22%3A%22areaType%22%2C%22date%22%3A%22date%22%2C%22cumDailyNsoDeathsByDeathDate%22%3A%22cumDailyNsoDeathsByDeathDate%22%2C%22hospitalCases%22%3A%22hospitalCases%22%2C%22newCasesBySpecimenDate%22%3A%22newCasesBySpecimenDate%22%7D&format=json&page=2 HTTP/1.1" 204 0
DEBUG:urllib3.connectionpool:Starting new HTTPS connection (1): api.coronavirus.data.gov.uk:443
DEBUG:urllib3.connectionpool:https://api.coronavirus.data.gov.uk:443 "GET /v1/data?filters=areaType%3Dnation%3BareaName%3DEngland&structure=%7B%22areaCode%22%3A%22areaCode%22%2C%22areaName%22%3A%22areaName%22%2C%22areaType%22%3A%22areaType%22%2C%22date%22%3A%22date%22%2C%22cumDailyNsoDeathsByDeathDate%22%3A%22cumDailyNsoDeathsByDeathDate%22%2C%22hospitalCases%22%3A%22hospitalCases%22%2C%22newCasesBySpecimenDate%22%3A%22newCasesBySpecimenDate%22%7D&format=json&page=1 HTTP/1.1" 200 None
DEBUG:urllib3.connectionpool:Starting new HTTPS connection (1): api.coronavirus.data.gov.uk:443
DEBUG:urllib3.connectionpool:https://api.coronavirus.data.gov.uk:443 "GET /v1/data?filters=areaType%3Dnation%3BareaName%3DEngland&structure=%7B%22areaCode%22%3A%22areaCode%22%2C%22areaName%22%3A%22areaName%22%2C%22areaType%22%3A%22areaType%22%2C%22date%22%3A%22date%22%2C%22cumDailyNsoDeathsByDeathDate%22%3A%22cumDailyNsoDeathsByDeathDate%22%2C%22hospitalCases%22%3A%22hospitalCases%22%2C%22newCasesBySpecimenDate%22%3A%22newCasesBySpecimenDate%22%7D&format=json&page=2 HTTP/1.1" 204 0
INFO:werkzeug:127.0.0.1 - - [07/Dec/2021 13:12:39] "GET /index?update=13%3A13&two=aaa&news=news HTTP/1.1" 200 -
INFO:werkzeug:127.0.0.1 - - [07/Dec/2021 13:12:39] "[36mGET /static/images/favicon.ico HTTP/1.1[0m" 304 -
ERROR:website:Exception on /index [GET]
Traceback (most recent call last):
  File "C:\Users\marke\anaconda3\lib\site-packages\flask\app.py", line 2073, in wsgi_app
    response = self.full_dispatch_request()
  File "C:\Users\marke\anaconda3\lib\site-packages\flask\app.py", line 1518, in full_dispatch_request
    rv = self.handle_user_exception(e)
  File "C:\Users\marke\anaconda3\lib\site-packages\flask\app.py", line 1516, in full_dispatch_request
    rv = self.dispatch_request()
  File "C:\Users\marke\anaconda3\lib\site-packages\flask\app.py", line 1502, in dispatch_request
    return self.ensure_sync(self.view_functions[rule.endpoint])(**req.view_args)
  File "C:\Users\marke\Documents\Github\covid-dash\server\website.py", line 68, in render
    cancel_update(deleted_alarm_title)
  File "C:\Users\marke\Documents\Github\covid-dash\server\update_scheduler.py", line 49, in cancel_update
    canceled_alarm = __update_info.pop(update_title)
KeyError: 'aaa'
INFO:werkzeug:127.0.0.1 - - [07/Dec/2021 13:13:27] "[35m[1mGET /index?update_item=aaa HTTP/1.1[0m" 500 -
DEBUG:urllib3.connectionpool:Starting new HTTPS connection (1): newsapi.org:443
DEBUG:urllib3.connectionpool:https://newsapi.org:443 "GET /v2/top-headlines?q=covid&language=en&country=gb HTTP/1.1" 200 None
DEBUG:urllib3.connectionpool:Starting new HTTPS connection (1): newsapi.org:443
DEBUG:urllib3.connectionpool:https://newsapi.org:443 "GET /v2/top-headlines?q=covid-19&language=en&country=gb HTTP/1.1" 200 None
DEBUG:urllib3.connectionpool:Starting new HTTPS connection (1): newsapi.org:443
DEBUG:urllib3.connectionpool:https://newsapi.org:443 "GET /v2/top-headlines?q=coronavirus&language=en&country=gb HTTP/1.1" 200 None
DEBUG:urllib3.connectionpool:Starting new HTTPS connection (1): api.coronavirus.data.gov.uk:443
DEBUG:urllib3.connectionpool:https://api.coronavirus.data.gov.uk:443 "GET /v1/data?filters=areaType%3Dltla%3BareaName%3DExeter&structure=%7B%22areaCode%22%3A%22areaCode%22%2C%22areaName%22%3A%22areaName%22%2C%22areaType%22%3A%22areaType%22%2C%22date%22%3A%22date%22%2C%22cumDailyNsoDeathsByDeathDate%22%3A%22cumDailyNsoDeathsByDeathDate%22%2C%22hospitalCases%22%3A%22hospitalCases%22%2C%22newCasesBySpecimenDate%22%3A%22newCasesBySpecimenDate%22%7D&format=json&page=1 HTTP/1.1" 200 None
DEBUG:urllib3.connectionpool:Starting new HTTPS connection (1): api.coronavirus.data.gov.uk:443
DEBUG:urllib3.connectionpool:https://api.coronavirus.data.gov.uk:443 "GET /v1/data?filters=areaType%3Dltla%3BareaName%3DExeter&structure=%7B%22areaCode%22%3A%22areaCode%22%2C%22areaName%22%3A%22areaName%22%2C%22areaType%22%3A%22areaType%22%2C%22date%22%3A%22date%22%2C%22cumDailyNsoDeathsByDeathDate%22%3A%22cumDailyNsoDeathsByDeathDate%22%2C%22hospitalCases%22%3A%22hospitalCases%22%2C%22newCasesBySpecimenDate%22%3A%22newCasesBySpecimenDate%22%7D&format=json&page=2 HTTP/1.1" 204 0
DEBUG:urllib3.connectionpool:Starting new HTTPS connection (1): api.coronavirus.data.gov.uk:443
DEBUG:urllib3.connectionpool:https://api.coronavirus.data.gov.uk:443 "GET /v1/data?filters=areaType%3Dnation%3BareaName%3DEngland&structure=%7B%22areaCode%22%3A%22areaCode%22%2C%22areaName%22%3A%22areaName%22%2C%22areaType%22%3A%22areaType%22%2C%22date%22%3A%22date%22%2C%22cumDailyNsoDeathsByDeathDate%22%3A%22cumDailyNsoDeathsByDeathDate%22%2C%22hospitalCases%22%3A%22hospitalCases%22%2C%22newCasesBySpecimenDate%22%3A%22newCasesBySpecimenDate%22%7D&format=json&page=1 HTTP/1.1" 200 None
DEBUG:urllib3.connectionpool:Starting new HTTPS connection (1): api.coronavirus.data.gov.uk:443
DEBUG:urllib3.connectionpool:https://api.coronavirus.data.gov.uk:443 "GET /v1/data?filters=areaType%3Dnation%3BareaName%3DEngland&structure=%7B%22areaCode%22%3A%22areaCode%22%2C%22areaName%22%3A%22areaName%22%2C%22areaType%22%3A%22areaType%22%2C%22date%22%3A%22date%22%2C%22cumDailyNsoDeathsByDeathDate%22%3A%22cumDailyNsoDeathsByDeathDate%22%2C%22hospitalCases%22%3A%22hospitalCases%22%2C%22newCasesBySpecimenDate%22%3A%22newCasesBySpecimenDate%22%7D&format=json&page=2 HTTP/1.1" 204 0
INFO:werkzeug:127.0.0.1 - - [07/Dec/2021 13:13:42] "GET / HTTP/1.1" 200 -
INFO:werkzeug:127.0.0.1 - - [07/Dec/2021 13:13:42] "[36mGET /static/images/favicon.ico HTTP/1.1[0m" 304 -
INFO:werkzeug: * Running on http://127.0.0.1:5000/ (Press CTRL+C to quit)
DEBUG:urllib3.connectionpool:Starting new HTTPS connection (1): newsapi.org:443
DEBUG:urllib3.connectionpool:https://newsapi.org:443 "GET /v2/top-headlines?q=covid&language=en&country=gb HTTP/1.1" 200 None
DEBUG:urllib3.connectionpool:Starting new HTTPS connection (1): newsapi.org:443
DEBUG:urllib3.connectionpool:https://newsapi.org:443 "GET /v2/top-headlines?q=covid-19&language=en&country=gb HTTP/1.1" 200 None
DEBUG:urllib3.connectionpool:Starting new HTTPS connection (1): newsapi.org:443
DEBUG:urllib3.connectionpool:https://newsapi.org:443 "GET /v2/top-headlines?q=coronavirus&language=en&country=gb HTTP/1.1" 200 None
DEBUG:urllib3.connectionpool:Starting new HTTPS connection (1): api.coronavirus.data.gov.uk:443
DEBUG:urllib3.connectionpool:https://api.coronavirus.data.gov.uk:443 "GET /v1/data?filters=areaType%3Dltla%3BareaName%3DExeter&structure=%7B%22areaCode%22%3A%22areaCode%22%2C%22areaName%22%3A%22areaName%22%2C%22areaType%22%3A%22areaType%22%2C%22date%22%3A%22date%22%2C%22cumDailyNsoDeathsByDeathDate%22%3A%22cumDailyNsoDeathsByDeathDate%22%2C%22hospitalCases%22%3A%22hospitalCases%22%2C%22newCasesBySpecimenDate%22%3A%22newCasesBySpecimenDate%22%7D&format=json&page=1 HTTP/1.1" 200 None
DEBUG:urllib3.connectionpool:Starting new HTTPS connection (1): api.coronavirus.data.gov.uk:443
DEBUG:urllib3.connectionpool:https://api.coronavirus.data.gov.uk:443 "GET /v1/data?filters=areaType%3Dltla%3BareaName%3DExeter&structure=%7B%22areaCode%22%3A%22areaCode%22%2C%22areaName%22%3A%22areaName%22%2C%22areaType%22%3A%22areaType%22%2C%22date%22%3A%22date%22%2C%22cumDailyNsoDeathsByDeathDate%22%3A%22cumDailyNsoDeathsByDeathDate%22%2C%22hospitalCases%22%3A%22hospitalCases%22%2C%22newCasesBySpecimenDate%22%3A%22newCasesBySpecimenDate%22%7D&format=json&page=2 HTTP/1.1" 204 0
DEBUG:urllib3.connectionpool:Starting new HTTPS connection (1): api.coronavirus.data.gov.uk:443
DEBUG:urllib3.connectionpool:https://api.coronavirus.data.gov.uk:443 "GET /v1/data?filters=areaType%3Dnation%3BareaName%3DEngland&structure=%7B%22areaCode%22%3A%22areaCode%22%2C%22areaName%22%3A%22areaName%22%2C%22areaType%22%3A%22areaType%22%2C%22date%22%3A%22date%22%2C%22cumDailyNsoDeathsByDeathDate%22%3A%22cumDailyNsoDeathsByDeathDate%22%2C%22hospitalCases%22%3A%22hospitalCases%22%2C%22newCasesBySpecimenDate%22%3A%22newCasesBySpecimenDate%22%7D&format=json&page=1 HTTP/1.1" 200 None
DEBUG:urllib3.connectionpool:Starting new HTTPS connection (1): api.coronavirus.data.gov.uk:443
DEBUG:urllib3.connectionpool:https://api.coronavirus.data.gov.uk:443 "GET /v1/data?filters=areaType%3Dnation%3BareaName%3DEngland&structure=%7B%22areaCode%22%3A%22areaCode%22%2C%22areaName%22%3A%22areaName%22%2C%22areaType%22%3A%22areaType%22%2C%22date%22%3A%22date%22%2C%22cumDailyNsoDeathsByDeathDate%22%3A%22cumDailyNsoDeathsByDeathDate%22%2C%22hospitalCases%22%3A%22hospitalCases%22%2C%22newCasesBySpecimenDate%22%3A%22newCasesBySpecimenDate%22%7D&format=json&page=2 HTTP/1.1" 204 0
INFO:werkzeug:127.0.0.1 - - [07/Dec/2021 13:32:28] "GET / HTTP/1.1" 200 -
INFO:werkzeug:127.0.0.1 - - [07/Dec/2021 13:32:28] "[36mGET /static/images/favicon.ico HTTP/1.1[0m" 304 -
DEBUG:urllib3.connectionpool:Starting new HTTPS connection (1): newsapi.org:443
DEBUG:urllib3.connectionpool:https://newsapi.org:443 "GET /v2/top-headlines?q=covid&language=en&country=gb HTTP/1.1" 200 None
DEBUG:urllib3.connectionpool:Starting new HTTPS connection (1): newsapi.org:443
DEBUG:urllib3.connectionpool:https://newsapi.org:443 "GET /v2/top-headlines?q=covid-19&language=en&country=gb HTTP/1.1" 200 None
DEBUG:urllib3.connectionpool:Starting new HTTPS connection (1): newsapi.org:443
DEBUG:urllib3.connectionpool:https://newsapi.org:443 "GET /v2/top-headlines?q=coronavirus&language=en&country=gb HTTP/1.1" 200 None
DEBUG:urllib3.connectionpool:Starting new HTTPS connection (1): api.coronavirus.data.gov.uk:443
DEBUG:urllib3.connectionpool:https://api.coronavirus.data.gov.uk:443 "GET /v1/data?filters=areaType%3Dltla%3BareaName%3DExeter&structure=%7B%22areaCode%22%3A%22areaCode%22%2C%22areaName%22%3A%22areaName%22%2C%22areaType%22%3A%22areaType%22%2C%22date%22%3A%22date%22%2C%22cumDailyNsoDeathsByDeathDate%22%3A%22cumDailyNsoDeathsByDeathDate%22%2C%22hospitalCases%22%3A%22hospitalCases%22%2C%22newCasesBySpecimenDate%22%3A%22newCasesBySpecimenDate%22%7D&format=json&page=1 HTTP/1.1" 200 None
DEBUG:urllib3.connectionpool:Starting new HTTPS connection (1): api.coronavirus.data.gov.uk:443
DEBUG:urllib3.connectionpool:https://api.coronavirus.data.gov.uk:443 "GET /v1/data?filters=areaType%3Dltla%3BareaName%3DExeter&structure=%7B%22areaCode%22%3A%22areaCode%22%2C%22areaName%22%3A%22areaName%22%2C%22areaType%22%3A%22areaType%22%2C%22date%22%3A%22date%22%2C%22cumDailyNsoDeathsByDeathDate%22%3A%22cumDailyNsoDeathsByDeathDate%22%2C%22hospitalCases%22%3A%22hospitalCases%22%2C%22newCasesBySpecimenDate%22%3A%22newCasesBySpecimenDate%22%7D&format=json&page=2 HTTP/1.1" 204 0
DEBUG:urllib3.connectionpool:Starting new HTTPS connection (1): api.coronavirus.data.gov.uk:443
DEBUG:urllib3.connectionpool:https://api.coronavirus.data.gov.uk:443 "GET /v1/data?filters=areaType%3Dnation%3BareaName%3DEngland&structure=%7B%22areaCode%22%3A%22areaCode%22%2C%22areaName%22%3A%22areaName%22%2C%22areaType%22%3A%22areaType%22%2C%22date%22%3A%22date%22%2C%22cumDailyNsoDeathsByDeathDate%22%3A%22cumDailyNsoDeathsByDeathDate%22%2C%22hospitalCases%22%3A%22hospitalCases%22%2C%22newCasesBySpecimenDate%22%3A%22newCasesBySpecimenDate%22%7D&format=json&page=1 HTTP/1.1" 200 None
DEBUG:urllib3.connectionpool:Starting new HTTPS connection (1): api.coronavirus.data.gov.uk:443
DEBUG:urllib3.connectionpool:https://api.coronavirus.data.gov.uk:443 "GET /v1/data?filters=areaType%3Dnation%3BareaName%3DEngland&structure=%7B%22areaCode%22%3A%22areaCode%22%2C%22areaName%22%3A%22areaName%22%2C%22areaType%22%3A%22areaType%22%2C%22date%22%3A%22date%22%2C%22cumDailyNsoDeathsByDeathDate%22%3A%22cumDailyNsoDeathsByDeathDate%22%2C%22hospitalCases%22%3A%22hospitalCases%22%2C%22newCasesBySpecimenDate%22%3A%22newCasesBySpecimenDate%22%7D&format=json&page=2 HTTP/1.1" 204 0
INFO:werkzeug:127.0.0.1 - - [07/Dec/2021 13:32:40] "GET /index?update=13%3A33&two=asdasd HTTP/1.1" 200 -
INFO:werkzeug:127.0.0.1 - - [07/Dec/2021 13:32:40] "[36mGET /static/images/favicon.ico HTTP/1.1[0m" 304 -
DEBUG:urllib3.connectionpool:Starting new HTTPS connection (1): newsapi.org:443
DEBUG:urllib3.connectionpool:https://newsapi.org:443 "GET /v2/top-headlines?q=covid&language=en&country=gb HTTP/1.1" 200 None
DEBUG:urllib3.connectionpool:Starting new HTTPS connection (1): newsapi.org:443
DEBUG:urllib3.connectionpool:https://newsapi.org:443 "GET /v2/top-headlines?q=covid-19&language=en&country=gb HTTP/1.1" 200 None
DEBUG:urllib3.connectionpool:Starting new HTTPS connection (1): newsapi.org:443
DEBUG:urllib3.connectionpool:https://newsapi.org:443 "GET /v2/top-headlines?q=coronavirus&language=en&country=gb HTTP/1.1" 200 None
DEBUG:urllib3.connectionpool:Starting new HTTPS connection (1): api.coronavirus.data.gov.uk:443
DEBUG:urllib3.connectionpool:https://api.coronavirus.data.gov.uk:443 "GET /v1/data?filters=areaType%3Dltla%3BareaName%3DExeter&structure=%7B%22areaCode%22%3A%22areaCode%22%2C%22areaName%22%3A%22areaName%22%2C%22areaType%22%3A%22areaType%22%2C%22date%22%3A%22date%22%2C%22cumDailyNsoDeathsByDeathDate%22%3A%22cumDailyNsoDeathsByDeathDate%22%2C%22hospitalCases%22%3A%22hospitalCases%22%2C%22newCasesBySpecimenDate%22%3A%22newCasesBySpecimenDate%22%7D&format=json&page=1 HTTP/1.1" 200 None
DEBUG:urllib3.connectionpool:Starting new HTTPS connection (1): api.coronavirus.data.gov.uk:443
DEBUG:urllib3.connectionpool:https://api.coronavirus.data.gov.uk:443 "GET /v1/data?filters=areaType%3Dltla%3BareaName%3DExeter&structure=%7B%22areaCode%22%3A%22areaCode%22%2C%22areaName%22%3A%22areaName%22%2C%22areaType%22%3A%22areaType%22%2C%22date%22%3A%22date%22%2C%22cumDailyNsoDeathsByDeathDate%22%3A%22cumDailyNsoDeathsByDeathDate%22%2C%22hospitalCases%22%3A%22hospitalCases%22%2C%22newCasesBySpecimenDate%22%3A%22newCasesBySpecimenDate%22%7D&format=json&page=2 HTTP/1.1" 204 0
DEBUG:urllib3.connectionpool:Starting new HTTPS connection (1): api.coronavirus.data.gov.uk:443
DEBUG:urllib3.connectionpool:https://api.coronavirus.data.gov.uk:443 "GET /v1/data?filters=areaType%3Dnation%3BareaName%3DEngland&structure=%7B%22areaCode%22%3A%22areaCode%22%2C%22areaName%22%3A%22areaName%22%2C%22areaType%22%3A%22areaType%22%2C%22date%22%3A%22date%22%2C%22cumDailyNsoDeathsByDeathDate%22%3A%22cumDailyNsoDeathsByDeathDate%22%2C%22hospitalCases%22%3A%22hospitalCases%22%2C%22newCasesBySpecimenDate%22%3A%22newCasesBySpecimenDate%22%7D&format=json&page=1 HTTP/1.1" 200 None
DEBUG:urllib3.connectionpool:Starting new HTTPS connection (1): api.coronavirus.data.gov.uk:443
DEBUG:urllib3.connectionpool:https://api.coronavirus.data.gov.uk:443 "GET /v1/data?filters=areaType%3Dnation%3BareaName%3DEngland&structure=%7B%22areaCode%22%3A%22areaCode%22%2C%22areaName%22%3A%22areaName%22%2C%22areaType%22%3A%22areaType%22%2C%22date%22%3A%22date%22%2C%22cumDailyNsoDeathsByDeathDate%22%3A%22cumDailyNsoDeathsByDeathDate%22%2C%22hospitalCases%22%3A%22hospitalCases%22%2C%22newCasesBySpecimenDate%22%3A%22newCasesBySpecimenDate%22%7D&format=json&page=2 HTTP/1.1" 204 0
INFO:werkzeug:127.0.0.1 - - [07/Dec/2021 13:33:44] "GET /index HTTP/1.1" 200 -
INFO:werkzeug:127.0.0.1 - - [07/Dec/2021 13:33:44] "[36mGET /static/images/favicon.ico HTTP/1.1[0m" 304 -
DEBUG:urllib3.connectionpool:Starting new HTTPS connection (1): api.coronavirus.data.gov.uk:443
DEBUG:urllib3.connectionpool:https://api.coronavirus.data.gov.uk:443 "GET /v1/data?filters=areaType%3Dltla%3BareaName%3DExeter&structure=%7B%22areaCode%22%3A%22areaCode%22%2C%22areaName%22%3A%22areaName%22%2C%22areaType%22%3A%22areaType%22%2C%22date%22%3A%22date%22%2C%22cumDailyNsoDeathsByDeathDate%22%3A%22cumDailyNsoDeathsByDeathDate%22%2C%22hospitalCases%22%3A%22hospitalCases%22%2C%22newCasesBySpecimenDate%22%3A%22newCasesBySpecimenDate%22%7D&format=json&page=1 HTTP/1.1" 200 None
DEBUG:urllib3.connectionpool:Starting new HTTPS connection (1): api.coronavirus.data.gov.uk:443
DEBUG:urllib3.connectionpool:https://api.coronavirus.data.gov.uk:443 "GET /v1/data?filters=areaType%3Dltla%3BareaName%3DExeter&structure=%7B%22areaCode%22%3A%22areaCode%22%2C%22areaName%22%3A%22areaName%22%2C%22areaType%22%3A%22areaType%22%2C%22date%22%3A%22date%22%2C%22cumDailyNsoDeathsByDeathDate%22%3A%22cumDailyNsoDeathsByDeathDate%22%2C%22hospitalCases%22%3A%22hospitalCases%22%2C%22newCasesBySpecimenDate%22%3A%22newCasesBySpecimenDate%22%7D&format=json&page=2 HTTP/1.1" 204 0
DEBUG:urllib3.connectionpool:Starting new HTTPS connection (1): api.coronavirus.data.gov.uk:443
DEBUG:urllib3.connectionpool:https://api.coronavirus.data.gov.uk:443 "GET /v1/data?filters=areaType%3Dnation%3BareaName%3DEngland&structure=%7B%22areaCode%22%3A%22areaCode%22%2C%22areaName%22%3A%22areaName%22%2C%22areaType%22%3A%22areaType%22%2C%22date%22%3A%22date%22%2C%22cumDailyNsoDeathsByDeathDate%22%3A%22cumDailyNsoDeathsByDeathDate%22%2C%22hospitalCases%22%3A%22hospitalCases%22%2C%22newCasesBySpecimenDate%22%3A%22newCasesBySpecimenDate%22%7D&format=json&page=1 HTTP/1.1" 200 None
DEBUG:urllib3.connectionpool:Starting new HTTPS connection (1): api.coronavirus.data.gov.uk:443
DEBUG:urllib3.connectionpool:https://api.coronavirus.data.gov.uk:443 "GET /v1/data?filters=areaType%3Dnation%3BareaName%3DEngland&structure=%7B%22areaCode%22%3A%22areaCode%22%2C%22areaName%22%3A%22areaName%22%2C%22areaType%22%3A%22areaType%22%2C%22date%22%3A%22date%22%2C%22cumDailyNsoDeathsByDeathDate%22%3A%22cumDailyNsoDeathsByDeathDate%22%2C%22hospitalCases%22%3A%22hospitalCases%22%2C%22newCasesBySpecimenDate%22%3A%22newCasesBySpecimenDate%22%7D&format=json&page=2 HTTP/1.1" 204 0
INFO:werkzeug:127.0.0.1 - - [07/Dec/2021 13:34:22] "GET /index?notif=Nearly+all+children+have+fallen+behind+because+of+Covid%2C+Ofsted+warns+-+Telegraph.co.uk HTTP/1.1" 200 -
INFO:werkzeug:127.0.0.1 - - [07/Dec/2021 13:34:23] "[36mGET /static/images/favicon.ico HTTP/1.1[0m" 304 -
DEBUG:urllib3.connectionpool:Starting new HTTPS connection (1): api.coronavirus.data.gov.uk:443
DEBUG:urllib3.connectionpool:https://api.coronavirus.data.gov.uk:443 "GET /v1/data?filters=areaType%3Dltla%3BareaName%3DExeter&structure=%7B%22areaCode%22%3A%22areaCode%22%2C%22areaName%22%3A%22areaName%22%2C%22areaType%22%3A%22areaType%22%2C%22date%22%3A%22date%22%2C%22cumDailyNsoDeathsByDeathDate%22%3A%22cumDailyNsoDeathsByDeathDate%22%2C%22hospitalCases%22%3A%22hospitalCases%22%2C%22newCasesBySpecimenDate%22%3A%22newCasesBySpecimenDate%22%7D&format=json&page=1 HTTP/1.1" 200 None
DEBUG:urllib3.connectionpool:Starting new HTTPS connection (1): api.coronavirus.data.gov.uk:443
DEBUG:urllib3.connectionpool:https://api.coronavirus.data.gov.uk:443 "GET /v1/data?filters=areaType%3Dltla%3BareaName%3DExeter&structure=%7B%22areaCode%22%3A%22areaCode%22%2C%22areaName%22%3A%22areaName%22%2C%22areaType%22%3A%22areaType%22%2C%22date%22%3A%22date%22%2C%22cumDailyNsoDeathsByDeathDate%22%3A%22cumDailyNsoDeathsByDeathDate%22%2C%22hospitalCases%22%3A%22hospitalCases%22%2C%22newCasesBySpecimenDate%22%3A%22newCasesBySpecimenDate%22%7D&format=json&page=2 HTTP/1.1" 204 0
DEBUG:urllib3.connectionpool:Starting new HTTPS connection (1): api.coronavirus.data.gov.uk:443
DEBUG:urllib3.connectionpool:https://api.coronavirus.data.gov.uk:443 "GET /v1/data?filters=areaType%3Dnation%3BareaName%3DEngland&structure=%7B%22areaCode%22%3A%22areaCode%22%2C%22areaName%22%3A%22areaName%22%2C%22areaType%22%3A%22areaType%22%2C%22date%22%3A%22date%22%2C%22cumDailyNsoDeathsByDeathDate%22%3A%22cumDailyNsoDeathsByDeathDate%22%2C%22hospitalCases%22%3A%22hospitalCases%22%2C%22newCasesBySpecimenDate%22%3A%22newCasesBySpecimenDate%22%7D&format=json&page=1 HTTP/1.1" 200 None
DEBUG:urllib3.connectionpool:Starting new HTTPS connection (1): api.coronavirus.data.gov.uk:443
DEBUG:urllib3.connectionpool:https://api.coronavirus.data.gov.uk:443 "GET /v1/data?filters=areaType%3Dnation%3BareaName%3DEngland&structure=%7B%22areaCode%22%3A%22areaCode%22%2C%22areaName%22%3A%22areaName%22%2C%22areaType%22%3A%22areaType%22%2C%22date%22%3A%22date%22%2C%22cumDailyNsoDeathsByDeathDate%22%3A%22cumDailyNsoDeathsByDeathDate%22%2C%22hospitalCases%22%3A%22hospitalCases%22%2C%22newCasesBySpecimenDate%22%3A%22newCasesBySpecimenDate%22%7D&format=json&page=2 HTTP/1.1" 204 0
DEBUG:urllib3.connectionpool:Starting new HTTPS connection (1): api.coronavirus.data.gov.uk:443
DEBUG:urllib3.connectionpool:https://api.coronavirus.data.gov.uk:443 "GET /v1/data?filters=areaType%3Dltla%3BareaName%3DExeter&structure=%7B%22areaCode%22%3A%22areaCode%22%2C%22areaName%22%3A%22areaName%22%2C%22areaType%22%3A%22areaType%22%2C%22date%22%3A%22date%22%2C%22cumDailyNsoDeathsByDeathDate%22%3A%22cumDailyNsoDeathsByDeathDate%22%2C%22hospitalCases%22%3A%22hospitalCases%22%2C%22newCasesBySpecimenDate%22%3A%22newCasesBySpecimenDate%22%7D&format=json&page=1 HTTP/1.1" 200 None
DEBUG:urllib3.connectionpool:Starting new HTTPS connection (1): api.coronavirus.data.gov.uk:443
DEBUG:urllib3.connectionpool:https://api.coronavirus.data.gov.uk:443 "GET /v1/data?filters=areaType%3Dltla%3BareaName%3DExeter&structure=%7B%22areaCode%22%3A%22areaCode%22%2C%22areaName%22%3A%22areaName%22%2C%22areaType%22%3A%22areaType%22%2C%22date%22%3A%22date%22%2C%22cumDailyNsoDeathsByDeathDate%22%3A%22cumDailyNsoDeathsByDeathDate%22%2C%22hospitalCases%22%3A%22hospitalCases%22%2C%22newCasesBySpecimenDate%22%3A%22newCasesBySpecimenDate%22%7D&format=json&page=2 HTTP/1.1" 204 0
DEBUG:urllib3.connectionpool:Starting new HTTPS connection (1): api.coronavirus.data.gov.uk:443
DEBUG:urllib3.connectionpool:https://api.coronavirus.data.gov.uk:443 "GET /v1/data?filters=areaType%3Dnation%3BareaName%3DEngland&structure=%7B%22areaCode%22%3A%22areaCode%22%2C%22areaName%22%3A%22areaName%22%2C%22areaType%22%3A%22areaType%22%2C%22date%22%3A%22date%22%2C%22cumDailyNsoDeathsByDeathDate%22%3A%22cumDailyNsoDeathsByDeathDate%22%2C%22hospitalCases%22%3A%22hospitalCases%22%2C%22newCasesBySpecimenDate%22%3A%22newCasesBySpecimenDate%22%7D&format=json&page=1 HTTP/1.1" 200 None
DEBUG:urllib3.connectionpool:Starting new HTTPS connection (1): api.coronavirus.data.gov.uk:443
DEBUG:urllib3.connectionpool:https://api.coronavirus.data.gov.uk:443 "GET /v1/data?filters=areaType%3Dnation%3BareaName%3DEngland&structure=%7B%22areaCode%22%3A%22areaCode%22%2C%22areaName%22%3A%22areaName%22%2C%22areaType%22%3A%22areaType%22%2C%22date%22%3A%22date%22%2C%22cumDailyNsoDeathsByDeathDate%22%3A%22cumDailyNsoDeathsByDeathDate%22%2C%22hospitalCases%22%3A%22hospitalCases%22%2C%22newCasesBySpecimenDate%22%3A%22newCasesBySpecimenDate%22%7D&format=json&page=2 HTTP/1.1" 204 0
DEBUG:urllib3.connectionpool:Starting new HTTPS connection (1): api.coronavirus.data.gov.uk:443
DEBUG:urllib3.connectionpool:https://api.coronavirus.data.gov.uk:443 "GET /v1/data?filters=areaType%3Dltla%3BareaName%3DExeter&structure=%7B%22areaCode%22%3A%22areaCode%22%2C%22areaName%22%3A%22areaName%22%2C%22areaType%22%3A%22areaType%22%2C%22date%22%3A%22date%22%2C%22cumDailyNsoDeathsByDeathDate%22%3A%22cumDailyNsoDeathsByDeathDate%22%2C%22hospitalCases%22%3A%22hospitalCases%22%2C%22newCasesBySpecimenDate%22%3A%22newCasesBySpecimenDate%22%7D&format=json&page=1 HTTP/1.1" 200 None
DEBUG:urllib3.connectionpool:Starting new HTTPS connection (1): api.coronavirus.data.gov.uk:443
DEBUG:urllib3.connectionpool:https://api.coronavirus.data.gov.uk:443 "GET /v1/data?filters=areaType%3Dltla%3BareaName%3DExeter&structure=%7B%22areaCode%22%3A%22areaCode%22%2C%22areaName%22%3A%22areaName%22%2C%22areaType%22%3A%22areaType%22%2C%22date%22%3A%22date%22%2C%22cumDailyNsoDeathsByDeathDate%22%3A%22cumDailyNsoDeathsByDeathDate%22%2C%22hospitalCases%22%3A%22hospitalCases%22%2C%22newCasesBySpecimenDate%22%3A%22newCasesBySpecimenDate%22%7D&format=json&page=2 HTTP/1.1" 204 0
DEBUG:urllib3.connectionpool:Starting new HTTPS connection (1): api.coronavirus.data.gov.uk:443
DEBUG:urllib3.connectionpool:https://api.coronavirus.data.gov.uk:443 "GET /v1/data?filters=areaType%3Dnation%3BareaName%3DEngland&structure=%7B%22areaCode%22%3A%22areaCode%22%2C%22areaName%22%3A%22areaName%22%2C%22areaType%22%3A%22areaType%22%2C%22date%22%3A%22date%22%2C%22cumDailyNsoDeathsByDeathDate%22%3A%22cumDailyNsoDeathsByDeathDate%22%2C%22hospitalCases%22%3A%22hospitalCases%22%2C%22newCasesBySpecimenDate%22%3A%22newCasesBySpecimenDate%22%7D&format=json&page=1 HTTP/1.1" 200 None
DEBUG:urllib3.connectionpool:Starting new HTTPS connection (1): api.coronavirus.data.gov.uk:443
DEBUG:urllib3.connectionpool:https://api.coronavirus.data.gov.uk:443 "GET /v1/data?filters=areaType%3Dnation%3BareaName%3DEngland&structure=%7B%22areaCode%22%3A%22areaCode%22%2C%22areaName%22%3A%22areaName%22%2C%22areaType%22%3A%22areaType%22%2C%22date%22%3A%22date%22%2C%22cumDailyNsoDeathsByDeathDate%22%3A%22cumDailyNsoDeathsByDeathDate%22%2C%22hospitalCases%22%3A%22hospitalCases%22%2C%22newCasesBySpecimenDate%22%3A%22newCasesBySpecimenDate%22%7D&format=json&page=2 HTTP/1.1" 204 0
DEBUG:urllib3.connectionpool:Starting new HTTPS connection (1): api.coronavirus.data.gov.uk:443
DEBUG:urllib3.connectionpool:https://api.coronavirus.data.gov.uk:443 "GET /v1/data?filters=areaType%3Dltla%3BareaName%3DExeter&structure=%7B%22areaCode%22%3A%22areaCode%22%2C%22areaName%22%3A%22areaName%22%2C%22areaType%22%3A%22areaType%22%2C%22date%22%3A%22date%22%2C%22cumDailyNsoDeathsByDeathDate%22%3A%22cumDailyNsoDeathsByDeathDate%22%2C%22hospitalCases%22%3A%22hospitalCases%22%2C%22newCasesBySpecimenDate%22%3A%22newCasesBySpecimenDate%22%7D&format=json&page=1 HTTP/1.1" 200 None
DEBUG:urllib3.connectionpool:Starting new HTTPS connection (1): api.coronavirus.data.gov.uk:443
DEBUG:urllib3.connectionpool:https://api.coronavirus.data.gov.uk:443 "GET /v1/data?filters=areaType%3Dltla%3BareaName%3DExeter&structure=%7B%22areaCode%22%3A%22areaCode%22%2C%22areaName%22%3A%22areaName%22%2C%22areaType%22%3A%22areaType%22%2C%22date%22%3A%22date%22%2C%22cumDailyNsoDeathsByDeathDate%22%3A%22cumDailyNsoDeathsByDeathDate%22%2C%22hospitalCases%22%3A%22hospitalCases%22%2C%22newCasesBySpecimenDate%22%3A%22newCasesBySpecimenDate%22%7D&format=json&page=2 HTTP/1.1" 204 0
DEBUG:urllib3.connectionpool:Starting new HTTPS connection (1): api.coronavirus.data.gov.uk:443
DEBUG:urllib3.connectionpool:https://api.coronavirus.data.gov.uk:443 "GET /v1/data?filters=areaType%3Dnation%3BareaName%3DEngland&structure=%7B%22areaCode%22%3A%22areaCode%22%2C%22areaName%22%3A%22areaName%22%2C%22areaType%22%3A%22areaType%22%2C%22date%22%3A%22date%22%2C%22cumDailyNsoDeathsByDeathDate%22%3A%22cumDailyNsoDeathsByDeathDate%22%2C%22hospitalCases%22%3A%22hospitalCases%22%2C%22newCasesBySpecimenDate%22%3A%22newCasesBySpecimenDate%22%7D&format=json&page=1 HTTP/1.1" 200 None
DEBUG:urllib3.connectionpool:Starting new HTTPS connection (1): api.coronavirus.data.gov.uk:443
DEBUG:urllib3.connectionpool:https://api.coronavirus.data.gov.uk:443 "GET /v1/data?filters=areaType%3Dnation%3BareaName%3DEngland&structure=%7B%22areaCode%22%3A%22areaCode%22%2C%22areaName%22%3A%22areaName%22%2C%22areaType%22%3A%22areaType%22%2C%22date%22%3A%22date%22%2C%22cumDailyNsoDeathsByDeathDate%22%3A%22cumDailyNsoDeathsByDeathDate%22%2C%22hospitalCases%22%3A%22hospitalCases%22%2C%22newCasesBySpecimenDate%22%3A%22newCasesBySpecimenDate%22%7D&format=json&page=2 HTTP/1.1" 204 0
INFO:werkzeug: * Running on http://127.0.0.1:5000/ (Press CTRL+C to quit)
INFO:werkzeug: * Running on http://127.0.0.1:5000/ (Press CTRL+C to quit)
DEBUG:urllib3.connectionpool:Starting new HTTPS connection (1): newsapi.org:443
DEBUG:urllib3.connectionpool:https://newsapi.org:443 "GET /v2/top-headlines?q=covid&language=en&country=gb HTTP/1.1" 200 None
DEBUG:urllib3.connectionpool:Starting new HTTPS connection (1): newsapi.org:443
DEBUG:urllib3.connectionpool:https://newsapi.org:443 "GET /v2/top-headlines?q=covid-19&language=en&country=gb HTTP/1.1" 200 None
DEBUG:urllib3.connectionpool:Starting new HTTPS connection (1): newsapi.org:443
DEBUG:urllib3.connectionpool:https://newsapi.org:443 "GET /v2/top-headlines?q=coronavirus&language=en&country=gb HTTP/1.1" 200 46
DEBUG:urllib3.connectionpool:Starting new HTTPS connection (1): api.coronavirus.data.gov.uk:443
DEBUG:urllib3.connectionpool:https://api.coronavirus.data.gov.uk:443 "GET /v1/data?filters=areaType%3Dltla%3BareaName%3DExeter&structure=%7B%22areaCode%22%3A%22areaCode%22%2C%22areaName%22%3A%22areaName%22%2C%22areaType%22%3A%22areaType%22%2C%22date%22%3A%22date%22%2C%22cumDailyNsoDeathsByDeathDate%22%3A%22cumDailyNsoDeathsByDeathDate%22%2C%22hospitalCases%22%3A%22hospitalCases%22%2C%22newCasesBySpecimenDate%22%3A%22newCasesBySpecimenDate%22%7D&format=json&page=1 HTTP/1.1" 200 None
DEBUG:urllib3.connectionpool:Starting new HTTPS connection (1): api.coronavirus.data.gov.uk:443
DEBUG:urllib3.connectionpool:https://api.coronavirus.data.gov.uk:443 "GET /v1/data?filters=areaType%3Dltla%3BareaName%3DExeter&structure=%7B%22areaCode%22%3A%22areaCode%22%2C%22areaName%22%3A%22areaName%22%2C%22areaType%22%3A%22areaType%22%2C%22date%22%3A%22date%22%2C%22cumDailyNsoDeathsByDeathDate%22%3A%22cumDailyNsoDeathsByDeathDate%22%2C%22hospitalCases%22%3A%22hospitalCases%22%2C%22newCasesBySpecimenDate%22%3A%22newCasesBySpecimenDate%22%7D&format=json&page=2 HTTP/1.1" 204 0
DEBUG:urllib3.connectionpool:Starting new HTTPS connection (1): api.coronavirus.data.gov.uk:443
DEBUG:urllib3.connectionpool:https://api.coronavirus.data.gov.uk:443 "GET /v1/data?filters=areaType%3Dnation%3BareaName%3DEngland&structure=%7B%22areaCode%22%3A%22areaCode%22%2C%22areaName%22%3A%22areaName%22%2C%22areaType%22%3A%22areaType%22%2C%22date%22%3A%22date%22%2C%22cumDailyNsoDeathsByDeathDate%22%3A%22cumDailyNsoDeathsByDeathDate%22%2C%22hospitalCases%22%3A%22hospitalCases%22%2C%22newCasesBySpecimenDate%22%3A%22newCasesBySpecimenDate%22%7D&format=json&page=1 HTTP/1.1" 200 None
DEBUG:urllib3.connectionpool:Starting new HTTPS connection (1): api.coronavirus.data.gov.uk:443
DEBUG:urllib3.connectionpool:https://api.coronavirus.data.gov.uk:443 "GET /v1/data?filters=areaType%3Dnation%3BareaName%3DEngland&structure=%7B%22areaCode%22%3A%22areaCode%22%2C%22areaName%22%3A%22areaName%22%2C%22areaType%22%3A%22areaType%22%2C%22date%22%3A%22date%22%2C%22cumDailyNsoDeathsByDeathDate%22%3A%22cumDailyNsoDeathsByDeathDate%22%2C%22hospitalCases%22%3A%22hospitalCases%22%2C%22newCasesBySpecimenDate%22%3A%22newCasesBySpecimenDate%22%7D&format=json&page=2 HTTP/1.1" 204 0
INFO:werkzeug:127.0.0.1 - - [07/Dec/2021 21:43:08] "GET / HTTP/1.1" 200 -
INFO:werkzeug:127.0.0.1 - - [07/Dec/2021 21:43:08] "[36mGET /static/images/favicon.ico HTTP/1.1[0m" 304 -
DEBUG:urllib3.connectionpool:Starting new HTTPS connection (1): api.coronavirus.data.gov.uk:443
DEBUG:urllib3.connectionpool:https://api.coronavirus.data.gov.uk:443 "GET /v1/data?filters=areaType%3Dltla%3BareaName%3DExeter&structure=%7B%22areaCode%22%3A%22areaCode%22%2C%22areaName%22%3A%22areaName%22%2C%22areaType%22%3A%22areaType%22%2C%22date%22%3A%22date%22%2C%22cumDailyNsoDeathsByDeathDate%22%3A%22cumDailyNsoDeathsByDeathDate%22%2C%22hospitalCases%22%3A%22hospitalCases%22%2C%22newCasesBySpecimenDate%22%3A%22newCasesBySpecimenDate%22%7D&format=json&page=1 HTTP/1.1" 200 None
DEBUG:urllib3.connectionpool:Starting new HTTPS connection (1): api.coronavirus.data.gov.uk:443
DEBUG:urllib3.connectionpool:https://api.coronavirus.data.gov.uk:443 "GET /v1/data?filters=areaType%3Dltla%3BareaName%3DExeter&structure=%7B%22areaCode%22%3A%22areaCode%22%2C%22areaName%22%3A%22areaName%22%2C%22areaType%22%3A%22areaType%22%2C%22date%22%3A%22date%22%2C%22cumDailyNsoDeathsByDeathDate%22%3A%22cumDailyNsoDeathsByDeathDate%22%2C%22hospitalCases%22%3A%22hospitalCases%22%2C%22newCasesBySpecimenDate%22%3A%22newCasesBySpecimenDate%22%7D&format=json&page=2 HTTP/1.1" 204 0
DEBUG:urllib3.connectionpool:Starting new HTTPS connection (1): api.coronavirus.data.gov.uk:443
DEBUG:urllib3.connectionpool:https://api.coronavirus.data.gov.uk:443 "GET /v1/data?filters=areaType%3Dnation%3BareaName%3DEngland&structure=%7B%22areaCode%22%3A%22areaCode%22%2C%22areaName%22%3A%22areaName%22%2C%22areaType%22%3A%22areaType%22%2C%22date%22%3A%22date%22%2C%22cumDailyNsoDeathsByDeathDate%22%3A%22cumDailyNsoDeathsByDeathDate%22%2C%22hospitalCases%22%3A%22hospitalCases%22%2C%22newCasesBySpecimenDate%22%3A%22newCasesBySpecimenDate%22%7D&format=json&page=1 HTTP/1.1" 200 None
DEBUG:urllib3.connectionpool:Starting new HTTPS connection (1): api.coronavirus.data.gov.uk:443
DEBUG:urllib3.connectionpool:https://api.coronavirus.data.gov.uk:443 "GET /v1/data?filters=areaType%3Dnation%3BareaName%3DEngland&structure=%7B%22areaCode%22%3A%22areaCode%22%2C%22areaName%22%3A%22areaName%22%2C%22areaType%22%3A%22areaType%22%2C%22date%22%3A%22date%22%2C%22cumDailyNsoDeathsByDeathDate%22%3A%22cumDailyNsoDeathsByDeathDate%22%2C%22hospitalCases%22%3A%22hospitalCases%22%2C%22newCasesBySpecimenDate%22%3A%22newCasesBySpecimenDate%22%7D&format=json&page=2 HTTP/1.1" 204 0
INFO:werkzeug:127.0.0.1 - - [07/Dec/2021 21:43:13] "GET /index?notif=GP+spots+%27unusual+symptom%27+in+kids+infected+with+%27concerning%27+Omicron+Covid+variant+-+Mirror.co.uk HTTP/1.1" 200 -
INFO:werkzeug:127.0.0.1 - - [07/Dec/2021 21:43:13] "[36mGET /static/images/favicon.ico HTTP/1.1[0m" 304 -
DEBUG:urllib3.connectionpool:Starting new HTTPS connection (1): api.coronavirus.data.gov.uk:443
DEBUG:urllib3.connectionpool:https://api.coronavirus.data.gov.uk:443 "GET /v1/data?filters=areaType%3Dltla%3BareaName%3DExeter&structure=%7B%22areaCode%22%3A%22areaCode%22%2C%22areaName%22%3A%22areaName%22%2C%22areaType%22%3A%22areaType%22%2C%22date%22%3A%22date%22%2C%22cumDailyNsoDeathsByDeathDate%22%3A%22cumDailyNsoDeathsByDeathDate%22%2C%22hospitalCases%22%3A%22hospitalCases%22%2C%22newCasesBySpecimenDate%22%3A%22newCasesBySpecimenDate%22%7D&format=json&page=1 HTTP/1.1" 200 None
DEBUG:urllib3.connectionpool:Starting new HTTPS connection (1): api.coronavirus.data.gov.uk:443
DEBUG:urllib3.connectionpool:https://api.coronavirus.data.gov.uk:443 "GET /v1/data?filters=areaType%3Dltla%3BareaName%3DExeter&structure=%7B%22areaCode%22%3A%22areaCode%22%2C%22areaName%22%3A%22areaName%22%2C%22areaType%22%3A%22areaType%22%2C%22date%22%3A%22date%22%2C%22cumDailyNsoDeathsByDeathDate%22%3A%22cumDailyNsoDeathsByDeathDate%22%2C%22hospitalCases%22%3A%22hospitalCases%22%2C%22newCasesBySpecimenDate%22%3A%22newCasesBySpecimenDate%22%7D&format=json&page=2 HTTP/1.1" 204 0
DEBUG:urllib3.connectionpool:Starting new HTTPS connection (1): api.coronavirus.data.gov.uk:443
DEBUG:urllib3.connectionpool:https://api.coronavirus.data.gov.uk:443 "GET /v1/data?filters=areaType%3Dnation%3BareaName%3DEngland&structure=%7B%22areaCode%22%3A%22areaCode%22%2C%22areaName%22%3A%22areaName%22%2C%22areaType%22%3A%22areaType%22%2C%22date%22%3A%22date%22%2C%22cumDailyNsoDeathsByDeathDate%22%3A%22cumDailyNsoDeathsByDeathDate%22%2C%22hospitalCases%22%3A%22hospitalCases%22%2C%22newCasesBySpecimenDate%22%3A%22newCasesBySpecimenDate%22%7D&format=json&page=1 HTTP/1.1" 200 None
DEBUG:urllib3.connectionpool:Starting new HTTPS connection (1): api.coronavirus.data.gov.uk:443
DEBUG:urllib3.connectionpool:https://api.coronavirus.data.gov.uk:443 "GET /v1/data?filters=areaType%3Dnation%3BareaName%3DEngland&structure=%7B%22areaCode%22%3A%22areaCode%22%2C%22areaName%22%3A%22areaName%22%2C%22areaType%22%3A%22areaType%22%2C%22date%22%3A%22date%22%2C%22cumDailyNsoDeathsByDeathDate%22%3A%22cumDailyNsoDeathsByDeathDate%22%2C%22hospitalCases%22%3A%22hospitalCases%22%2C%22newCasesBySpecimenDate%22%3A%22newCasesBySpecimenDate%22%7D&format=json&page=2 HTTP/1.1" 204 0
INFO:werkzeug:127.0.0.1 - - [07/Dec/2021 21:43:17] "GET /index?notif=Man+City+trail+RB+Leipzig+in+Champions+League+with+Liverpool+to+come%2C+Covid+hits+Chelsea%2C+Tottenham+could...+-+talkSPORT.com HTTP/1.1" 200 -
INFO:werkzeug:127.0.0.1 - - [07/Dec/2021 21:43:17] "[36mGET /static/images/favicon.ico HTTP/1.1[0m" 304 -
DEBUG:urllib3.connectionpool:Starting new HTTPS connection (1): newsapi.org:443
DEBUG:urllib3.connectionpool:https://newsapi.org:443 "GET /v2/top-headlines?q=covid&language=en&country=gb HTTP/1.1" 200 None
DEBUG:urllib3.connectionpool:Starting new HTTPS connection (1): newsapi.org:443
DEBUG:urllib3.connectionpool:https://newsapi.org:443 "GET /v2/top-headlines?q=covid-19&language=en&country=gb HTTP/1.1" 200 None
DEBUG:urllib3.connectionpool:Starting new HTTPS connection (1): newsapi.org:443
DEBUG:urllib3.connectionpool:https://newsapi.org:443 "GET /v2/top-headlines?q=coronavirus&language=en&country=gb HTTP/1.1" 200 46
DEBUG:urllib3.connectionpool:Starting new HTTPS connection (1): api.coronavirus.data.gov.uk:443
DEBUG:urllib3.connectionpool:https://api.coronavirus.data.gov.uk:443 "GET /v1/data?filters=areaType%3Dltla%3BareaName%3DExeter&structure=%7B%22areaCode%22%3A%22areaCode%22%2C%22areaName%22%3A%22areaName%22%2C%22areaType%22%3A%22areaType%22%2C%22date%22%3A%22date%22%2C%22cumDailyNsoDeathsByDeathDate%22%3A%22cumDailyNsoDeathsByDeathDate%22%2C%22hospitalCases%22%3A%22hospitalCases%22%2C%22newCasesBySpecimenDate%22%3A%22newCasesBySpecimenDate%22%7D&format=json&page=1 HTTP/1.1" 200 None
DEBUG:urllib3.connectionpool:Starting new HTTPS connection (1): api.coronavirus.data.gov.uk:443
DEBUG:urllib3.connectionpool:https://api.coronavirus.data.gov.uk:443 "GET /v1/data?filters=areaType%3Dltla%3BareaName%3DExeter&structure=%7B%22areaCode%22%3A%22areaCode%22%2C%22areaName%22%3A%22areaName%22%2C%22areaType%22%3A%22areaType%22%2C%22date%22%3A%22date%22%2C%22cumDailyNsoDeathsByDeathDate%22%3A%22cumDailyNsoDeathsByDeathDate%22%2C%22hospitalCases%22%3A%22hospitalCases%22%2C%22newCasesBySpecimenDate%22%3A%22newCasesBySpecimenDate%22%7D&format=json&page=2 HTTP/1.1" 204 0
DEBUG:urllib3.connectionpool:Starting new HTTPS connection (1): api.coronavirus.data.gov.uk:443
DEBUG:urllib3.connectionpool:https://api.coronavirus.data.gov.uk:443 "GET /v1/data?filters=areaType%3Dnation%3BareaName%3DEngland&structure=%7B%22areaCode%22%3A%22areaCode%22%2C%22areaName%22%3A%22areaName%22%2C%22areaType%22%3A%22areaType%22%2C%22date%22%3A%22date%22%2C%22cumDailyNsoDeathsByDeathDate%22%3A%22cumDailyNsoDeathsByDeathDate%22%2C%22hospitalCases%22%3A%22hospitalCases%22%2C%22newCasesBySpecimenDate%22%3A%22newCasesBySpecimenDate%22%7D&format=json&page=1 HTTP/1.1" 200 None
DEBUG:urllib3.connectionpool:Starting new HTTPS connection (1): api.coronavirus.data.gov.uk:443
DEBUG:urllib3.connectionpool:https://api.coronavirus.data.gov.uk:443 "GET /v1/data?filters=areaType%3Dnation%3BareaName%3DEngland&structure=%7B%22areaCode%22%3A%22areaCode%22%2C%22areaName%22%3A%22areaName%22%2C%22areaType%22%3A%22areaType%22%2C%22date%22%3A%22date%22%2C%22cumDailyNsoDeathsByDeathDate%22%3A%22cumDailyNsoDeathsByDeathDate%22%2C%22hospitalCases%22%3A%22hospitalCases%22%2C%22newCasesBySpecimenDate%22%3A%22newCasesBySpecimenDate%22%7D&format=json&page=2 HTTP/1.1" 204 0
INFO:werkzeug:127.0.0.1 - - [07/Dec/2021 21:43:33] "GET /index?update=11%3A22&two=asd&covid-data=covid-data&news=news HTTP/1.1" 200 -
INFO:werkzeug:127.0.0.1 - - [07/Dec/2021 21:43:33] "[36mGET /static/images/favicon.ico HTTP/1.1[0m" 304 -
DEBUG:urllib3.connectionpool:Starting new HTTPS connection (1): newsapi.org:443
DEBUG:urllib3.connectionpool:https://newsapi.org:443 "GET /v2/top-headlines?q=covid&language=en&country=gb HTTP/1.1" 200 None
DEBUG:urllib3.connectionpool:Starting new HTTPS connection (1): newsapi.org:443
DEBUG:urllib3.connectionpool:https://newsapi.org:443 "GET /v2/top-headlines?q=covid-19&language=en&country=gb HTTP/1.1" 200 None
DEBUG:urllib3.connectionpool:Starting new HTTPS connection (1): newsapi.org:443
DEBUG:urllib3.connectionpool:https://newsapi.org:443 "GET /v2/top-headlines?q=coronavirus&language=en&country=gb HTTP/1.1" 200 46
DEBUG:urllib3.connectionpool:Starting new HTTPS connection (1): api.coronavirus.data.gov.uk:443
DEBUG:urllib3.connectionpool:https://api.coronavirus.data.gov.uk:443 "GET /v1/data?filters=areaType%3Dltla%3BareaName%3DExeter&structure=%7B%22areaCode%22%3A%22areaCode%22%2C%22areaName%22%3A%22areaName%22%2C%22areaType%22%3A%22areaType%22%2C%22date%22%3A%22date%22%2C%22cumDailyNsoDeathsByDeathDate%22%3A%22cumDailyNsoDeathsByDeathDate%22%2C%22hospitalCases%22%3A%22hospitalCases%22%2C%22newCasesBySpecimenDate%22%3A%22newCasesBySpecimenDate%22%7D&format=json&page=1 HTTP/1.1" 200 None
DEBUG:urllib3.connectionpool:Starting new HTTPS connection (1): api.coronavirus.data.gov.uk:443
DEBUG:urllib3.connectionpool:https://api.coronavirus.data.gov.uk:443 "GET /v1/data?filters=areaType%3Dltla%3BareaName%3DExeter&structure=%7B%22areaCode%22%3A%22areaCode%22%2C%22areaName%22%3A%22areaName%22%2C%22areaType%22%3A%22areaType%22%2C%22date%22%3A%22date%22%2C%22cumDailyNsoDeathsByDeathDate%22%3A%22cumDailyNsoDeathsByDeathDate%22%2C%22hospitalCases%22%3A%22hospitalCases%22%2C%22newCasesBySpecimenDate%22%3A%22newCasesBySpecimenDate%22%7D&format=json&page=2 HTTP/1.1" 204 0
DEBUG:urllib3.connectionpool:Starting new HTTPS connection (1): api.coronavirus.data.gov.uk:443
DEBUG:urllib3.connectionpool:https://api.coronavirus.data.gov.uk:443 "GET /v1/data?filters=areaType%3Dnation%3BareaName%3DEngland&structure=%7B%22areaCode%22%3A%22areaCode%22%2C%22areaName%22%3A%22areaName%22%2C%22areaType%22%3A%22areaType%22%2C%22date%22%3A%22date%22%2C%22cumDailyNsoDeathsByDeathDate%22%3A%22cumDailyNsoDeathsByDeathDate%22%2C%22hospitalCases%22%3A%22hospitalCases%22%2C%22newCasesBySpecimenDate%22%3A%22newCasesBySpecimenDate%22%7D&format=json&page=1 HTTP/1.1" 200 None
DEBUG:urllib3.connectionpool:Starting new HTTPS connection (1): api.coronavirus.data.gov.uk:443
DEBUG:urllib3.connectionpool:https://api.coronavirus.data.gov.uk:443 "GET /v1/data?filters=areaType%3Dnation%3BareaName%3DEngland&structure=%7B%22areaCode%22%3A%22areaCode%22%2C%22areaName%22%3A%22areaName%22%2C%22areaType%22%3A%22areaType%22%2C%22date%22%3A%22date%22%2C%22cumDailyNsoDeathsByDeathDate%22%3A%22cumDailyNsoDeathsByDeathDate%22%2C%22hospitalCases%22%3A%22hospitalCases%22%2C%22newCasesBySpecimenDate%22%3A%22newCasesBySpecimenDate%22%7D&format=json&page=2 HTTP/1.1" 204 0
INFO:werkzeug:127.0.0.1 - - [07/Dec/2021 21:43:46] "GET /index?update=11%3A22&two=asd&covid-data=covid-data&news=news HTTP/1.1" 200 -
INFO:werkzeug:127.0.0.1 - - [07/Dec/2021 21:43:46] "[36mGET /static/images/favicon.ico HTTP/1.1[0m" 304 -
DEBUG:urllib3.connectionpool:Starting new HTTPS connection (1): api.coronavirus.data.gov.uk:443
DEBUG:urllib3.connectionpool:https://api.coronavirus.data.gov.uk:443 "GET /v1/data?filters=areaType%3Dltla%3BareaName%3DExeter&structure=%7B%22areaCode%22%3A%22areaCode%22%2C%22areaName%22%3A%22areaName%22%2C%22areaType%22%3A%22areaType%22%2C%22date%22%3A%22date%22%2C%22cumDailyNsoDeathsByDeathDate%22%3A%22cumDailyNsoDeathsByDeathDate%22%2C%22hospitalCases%22%3A%22hospitalCases%22%2C%22newCasesBySpecimenDate%22%3A%22newCasesBySpecimenDate%22%7D&format=json&page=1 HTTP/1.1" 200 None
DEBUG:urllib3.connectionpool:Starting new HTTPS connection (1): api.coronavirus.data.gov.uk:443
DEBUG:urllib3.connectionpool:https://api.coronavirus.data.gov.uk:443 "GET /v1/data?filters=areaType%3Dltla%3BareaName%3DExeter&structure=%7B%22areaCode%22%3A%22areaCode%22%2C%22areaName%22%3A%22areaName%22%2C%22areaType%22%3A%22areaType%22%2C%22date%22%3A%22date%22%2C%22cumDailyNsoDeathsByDeathDate%22%3A%22cumDailyNsoDeathsByDeathDate%22%2C%22hospitalCases%22%3A%22hospitalCases%22%2C%22newCasesBySpecimenDate%22%3A%22newCasesBySpecimenDate%22%7D&format=json&page=2 HTTP/1.1" 204 0
DEBUG:urllib3.connectionpool:Starting new HTTPS connection (1): api.coronavirus.data.gov.uk:443
DEBUG:urllib3.connectionpool:https://api.coronavirus.data.gov.uk:443 "GET /v1/data?filters=areaType%3Dnation%3BareaName%3DEngland&structure=%7B%22areaCode%22%3A%22areaCode%22%2C%22areaName%22%3A%22areaName%22%2C%22areaType%22%3A%22areaType%22%2C%22date%22%3A%22date%22%2C%22cumDailyNsoDeathsByDeathDate%22%3A%22cumDailyNsoDeathsByDeathDate%22%2C%22hospitalCases%22%3A%22hospitalCases%22%2C%22newCasesBySpecimenDate%22%3A%22newCasesBySpecimenDate%22%7D&format=json&page=1 HTTP/1.1" 200 None
DEBUG:urllib3.connectionpool:Starting new HTTPS connection (1): api.coronavirus.data.gov.uk:443
DEBUG:urllib3.connectionpool:https://api.coronavirus.data.gov.uk:443 "GET /v1/data?filters=areaType%3Dnation%3BareaName%3DEngland&structure=%7B%22areaCode%22%3A%22areaCode%22%2C%22areaName%22%3A%22areaName%22%2C%22areaType%22%3A%22areaType%22%2C%22date%22%3A%22date%22%2C%22cumDailyNsoDeathsByDeathDate%22%3A%22cumDailyNsoDeathsByDeathDate%22%2C%22hospitalCases%22%3A%22hospitalCases%22%2C%22newCasesBySpecimenDate%22%3A%22newCasesBySpecimenDate%22%7D&format=json&page=2 HTTP/1.1" 204 0
INFO:werkzeug:127.0.0.1 - - [07/Dec/2021 21:43:59] "GET /index?notif=Why+the+UK+risks+missing+its+Covid+booster+target+-+Telegraph.co.uk HTTP/1.1" 200 -
INFO:werkzeug:127.0.0.1 - - [07/Dec/2021 21:44:00] "[36mGET /static/images/favicon.ico HTTP/1.1[0m" 304 -
DEBUG:urllib3.connectionpool:Starting new HTTPS connection (1): api.coronavirus.data.gov.uk:443
DEBUG:urllib3.connectionpool:https://api.coronavirus.data.gov.uk:443 "GET /v1/data?filters=areaType%3Dltla%3BareaName%3DExeter&structure=%7B%22areaCode%22%3A%22areaCode%22%2C%22areaName%22%3A%22areaName%22%2C%22areaType%22%3A%22areaType%22%2C%22date%22%3A%22date%22%2C%22cumDailyNsoDeathsByDeathDate%22%3A%22cumDailyNsoDeathsByDeathDate%22%2C%22hospitalCases%22%3A%22hospitalCases%22%2C%22newCasesBySpecimenDate%22%3A%22newCasesBySpecimenDate%22%7D&format=json&page=1 HTTP/1.1" 200 None
DEBUG:urllib3.connectionpool:Starting new HTTPS connection (1): api.coronavirus.data.gov.uk:443
DEBUG:urllib3.connectionpool:https://api.coronavirus.data.gov.uk:443 "GET /v1/data?filters=areaType%3Dltla%3BareaName%3DExeter&structure=%7B%22areaCode%22%3A%22areaCode%22%2C%22areaName%22%3A%22areaName%22%2C%22areaType%22%3A%22areaType%22%2C%22date%22%3A%22date%22%2C%22cumDailyNsoDeathsByDeathDate%22%3A%22cumDailyNsoDeathsByDeathDate%22%2C%22hospitalCases%22%3A%22hospitalCases%22%2C%22newCasesBySpecimenDate%22%3A%22newCasesBySpecimenDate%22%7D&format=json&page=2 HTTP/1.1" 204 0
DEBUG:urllib3.connectionpool:Starting new HTTPS connection (1): api.coronavirus.data.gov.uk:443
DEBUG:urllib3.connectionpool:https://api.coronavirus.data.gov.uk:443 "GET /v1/data?filters=areaType%3Dnation%3BareaName%3DEngland&structure=%7B%22areaCode%22%3A%22areaCode%22%2C%22areaName%22%3A%22areaName%22%2C%22areaType%22%3A%22areaType%22%2C%22date%22%3A%22date%22%2C%22cumDailyNsoDeathsByDeathDate%22%3A%22cumDailyNsoDeathsByDeathDate%22%2C%22hospitalCases%22%3A%22hospitalCases%22%2C%22newCasesBySpecimenDate%22%3A%22newCasesBySpecimenDate%22%7D&format=json&page=1 HTTP/1.1" 200 None
DEBUG:urllib3.connectionpool:Starting new HTTPS connection (1): api.coronavirus.data.gov.uk:443
DEBUG:urllib3.connectionpool:https://api.coronavirus.data.gov.uk:443 "GET /v1/data?filters=areaType%3Dnation%3BareaName%3DEngland&structure=%7B%22areaCode%22%3A%22areaCode%22%2C%22areaName%22%3A%22areaName%22%2C%22areaType%22%3A%22areaType%22%2C%22date%22%3A%22date%22%2C%22cumDailyNsoDeathsByDeathDate%22%3A%22cumDailyNsoDeathsByDeathDate%22%2C%22hospitalCases%22%3A%22hospitalCases%22%2C%22newCasesBySpecimenDate%22%3A%22newCasesBySpecimenDate%22%7D&format=json&page=2 HTTP/1.1" 204 0
INFO:werkzeug:127.0.0.1 - - [07/Dec/2021 21:44:05] "GET /index?notif=Intensive+care+staff+test+positive+for+Covid+after+Christmas+party+in+Spain+-+ITV+News HTTP/1.1" 200 -
INFO:werkzeug:127.0.0.1 - - [07/Dec/2021 21:44:05] "[36mGET /static/images/favicon.ico HTTP/1.1[0m" 304 -
DEBUG:urllib3.connectionpool:Starting new HTTPS connection (1): newsapi.org:443
DEBUG:urllib3.connectionpool:https://newsapi.org:443 "GET /v2/top-headlines?q=covid&language=en&country=gb HTTP/1.1" 200 None
DEBUG:urllib3.connectionpool:Starting new HTTPS connection (1): newsapi.org:443
DEBUG:urllib3.connectionpool:https://newsapi.org:443 "GET /v2/top-headlines?q=covid-19&language=en&country=gb HTTP/1.1" 200 None
DEBUG:urllib3.connectionpool:Starting new HTTPS connection (1): newsapi.org:443
DEBUG:urllib3.connectionpool:https://newsapi.org:443 "GET /v2/top-headlines?q=coronavirus&language=en&country=gb HTTP/1.1" 200 46
DEBUG:urllib3.connectionpool:Starting new HTTPS connection (1): api.coronavirus.data.gov.uk:443
DEBUG:urllib3.connectionpool:https://api.coronavirus.data.gov.uk:443 "GET /v1/data?filters=areaType%3Dltla%3BareaName%3DExeter&structure=%7B%22areaCode%22%3A%22areaCode%22%2C%22areaName%22%3A%22areaName%22%2C%22areaType%22%3A%22areaType%22%2C%22date%22%3A%22date%22%2C%22cumDailyNsoDeathsByDeathDate%22%3A%22cumDailyNsoDeathsByDeathDate%22%2C%22hospitalCases%22%3A%22hospitalCases%22%2C%22newCasesBySpecimenDate%22%3A%22newCasesBySpecimenDate%22%7D&format=json&page=1 HTTP/1.1" 200 None
DEBUG:urllib3.connectionpool:Starting new HTTPS connection (1): api.coronavirus.data.gov.uk:443
DEBUG:urllib3.connectionpool:https://api.coronavirus.data.gov.uk:443 "GET /v1/data?filters=areaType%3Dltla%3BareaName%3DExeter&structure=%7B%22areaCode%22%3A%22areaCode%22%2C%22areaName%22%3A%22areaName%22%2C%22areaType%22%3A%22areaType%22%2C%22date%22%3A%22date%22%2C%22cumDailyNsoDeathsByDeathDate%22%3A%22cumDailyNsoDeathsByDeathDate%22%2C%22hospitalCases%22%3A%22hospitalCases%22%2C%22newCasesBySpecimenDate%22%3A%22newCasesBySpecimenDate%22%7D&format=json&page=2 HTTP/1.1" 204 0
DEBUG:urllib3.connectionpool:Starting new HTTPS connection (1): api.coronavirus.data.gov.uk:443
DEBUG:urllib3.connectionpool:https://api.coronavirus.data.gov.uk:443 "GET /v1/data?filters=areaType%3Dnation%3BareaName%3DEngland&structure=%7B%22areaCode%22%3A%22areaCode%22%2C%22areaName%22%3A%22areaName%22%2C%22areaType%22%3A%22areaType%22%2C%22date%22%3A%22date%22%2C%22cumDailyNsoDeathsByDeathDate%22%3A%22cumDailyNsoDeathsByDeathDate%22%2C%22hospitalCases%22%3A%22hospitalCases%22%2C%22newCasesBySpecimenDate%22%3A%22newCasesBySpecimenDate%22%7D&format=json&page=1 HTTP/1.1" 200 None
DEBUG:urllib3.connectionpool:Starting new HTTPS connection (1): api.coronavirus.data.gov.uk:443
DEBUG:urllib3.connectionpool:https://api.coronavirus.data.gov.uk:443 "GET /v1/data?filters=areaType%3Dnation%3BareaName%3DEngland&structure=%7B%22areaCode%22%3A%22areaCode%22%2C%22areaName%22%3A%22areaName%22%2C%22areaType%22%3A%22areaType%22%2C%22date%22%3A%22date%22%2C%22cumDailyNsoDeathsByDeathDate%22%3A%22cumDailyNsoDeathsByDeathDate%22%2C%22hospitalCases%22%3A%22hospitalCases%22%2C%22newCasesBySpecimenDate%22%3A%22newCasesBySpecimenDate%22%7D&format=json&page=2 HTTP/1.1" 204 0
INFO:werkzeug:127.0.0.1 - - [07/Dec/2021 21:45:10] "GET /index HTTP/1.1" 200 -
INFO:werkzeug:127.0.0.1 - - [07/Dec/2021 21:45:10] "[36mGET /static/images/favicon.ico HTTP/1.1[0m" 304 -
DEBUG:urllib3.connectionpool:Starting new HTTPS connection (1): newsapi.org:443
DEBUG:urllib3.connectionpool:https://newsapi.org:443 "GET /v2/top-headlines?q=covid&language=en&country=gb HTTP/1.1" 200 None
DEBUG:urllib3.connectionpool:Starting new HTTPS connection (1): newsapi.org:443
DEBUG:urllib3.connectionpool:https://newsapi.org:443 "GET /v2/top-headlines?q=covid-19&language=en&country=gb HTTP/1.1" 200 None
DEBUG:urllib3.connectionpool:Starting new HTTPS connection (1): newsapi.org:443
DEBUG:urllib3.connectionpool:https://newsapi.org:443 "GET /v2/top-headlines?q=coronavirus&language=en&country=gb HTTP/1.1" 200 46
DEBUG:urllib3.connectionpool:Starting new HTTPS connection (1): api.coronavirus.data.gov.uk:443
DEBUG:urllib3.connectionpool:https://api.coronavirus.data.gov.uk:443 "GET /v1/data?filters=areaType%3Dltla%3BareaName%3DExeter&structure=%7B%22areaCode%22%3A%22areaCode%22%2C%22areaName%22%3A%22areaName%22%2C%22areaType%22%3A%22areaType%22%2C%22date%22%3A%22date%22%2C%22cumDailyNsoDeathsByDeathDate%22%3A%22cumDailyNsoDeathsByDeathDate%22%2C%22hospitalCases%22%3A%22hospitalCases%22%2C%22newCasesBySpecimenDate%22%3A%22newCasesBySpecimenDate%22%7D&format=json&page=1 HTTP/1.1" 200 None
DEBUG:urllib3.connectionpool:Starting new HTTPS connection (1): api.coronavirus.data.gov.uk:443
DEBUG:urllib3.connectionpool:https://api.coronavirus.data.gov.uk:443 "GET /v1/data?filters=areaType%3Dltla%3BareaName%3DExeter&structure=%7B%22areaCode%22%3A%22areaCode%22%2C%22areaName%22%3A%22areaName%22%2C%22areaType%22%3A%22areaType%22%2C%22date%22%3A%22date%22%2C%22cumDailyNsoDeathsByDeathDate%22%3A%22cumDailyNsoDeathsByDeathDate%22%2C%22hospitalCases%22%3A%22hospitalCases%22%2C%22newCasesBySpecimenDate%22%3A%22newCasesBySpecimenDate%22%7D&format=json&page=2 HTTP/1.1" 204 0
DEBUG:urllib3.connectionpool:Starting new HTTPS connection (1): api.coronavirus.data.gov.uk:443
DEBUG:urllib3.connectionpool:https://api.coronavirus.data.gov.uk:443 "GET /v1/data?filters=areaType%3Dnation%3BareaName%3DEngland&structure=%7B%22areaCode%22%3A%22areaCode%22%2C%22areaName%22%3A%22areaName%22%2C%22areaType%22%3A%22areaType%22%2C%22date%22%3A%22date%22%2C%22cumDailyNsoDeathsByDeathDate%22%3A%22cumDailyNsoDeathsByDeathDate%22%2C%22hospitalCases%22%3A%22hospitalCases%22%2C%22newCasesBySpecimenDate%22%3A%22newCasesBySpecimenDate%22%7D&format=json&page=1 HTTP/1.1" 200 None
DEBUG:urllib3.connectionpool:Starting new HTTPS connection (1): api.coronavirus.data.gov.uk:443
DEBUG:urllib3.connectionpool:https://api.coronavirus.data.gov.uk:443 "GET /v1/data?filters=areaType%3Dnation%3BareaName%3DEngland&structure=%7B%22areaCode%22%3A%22areaCode%22%2C%22areaName%22%3A%22areaName%22%2C%22areaType%22%3A%22areaType%22%2C%22date%22%3A%22date%22%2C%22cumDailyNsoDeathsByDeathDate%22%3A%22cumDailyNsoDeathsByDeathDate%22%2C%22hospitalCases%22%3A%22hospitalCases%22%2C%22newCasesBySpecimenDate%22%3A%22newCasesBySpecimenDate%22%7D&format=json&page=2 HTTP/1.1" 204 0
INFO:werkzeug:127.0.0.1 - - [07/Dec/2021 21:46:14] "GET /index HTTP/1.1" 200 -
INFO:werkzeug:127.0.0.1 - - [07/Dec/2021 21:46:14] "[36mGET /static/images/favicon.ico HTTP/1.1[0m" 304 -
DEBUG:urllib3.connectionpool:Starting new HTTPS connection (1): newsapi.org:443
DEBUG:urllib3.connectionpool:https://newsapi.org:443 "GET /v2/top-headlines?q=covid&language=en&country=gb HTTP/1.1" 200 None
DEBUG:urllib3.connectionpool:Starting new HTTPS connection (1): newsapi.org:443
DEBUG:urllib3.connectionpool:https://newsapi.org:443 "GET /v2/top-headlines?q=covid-19&language=en&country=gb HTTP/1.1" 200 None
DEBUG:urllib3.connectionpool:Starting new HTTPS connection (1): newsapi.org:443
DEBUG:urllib3.connectionpool:https://newsapi.org:443 "GET /v2/top-headlines?q=coronavirus&language=en&country=gb HTTP/1.1" 200 46
DEBUG:urllib3.connectionpool:Starting new HTTPS connection (1): api.coronavirus.data.gov.uk:443
DEBUG:urllib3.connectionpool:https://api.coronavirus.data.gov.uk:443 "GET /v1/data?filters=areaType%3Dltla%3BareaName%3DExeter&structure=%7B%22areaCode%22%3A%22areaCode%22%2C%22areaName%22%3A%22areaName%22%2C%22areaType%22%3A%22areaType%22%2C%22date%22%3A%22date%22%2C%22cumDailyNsoDeathsByDeathDate%22%3A%22cumDailyNsoDeathsByDeathDate%22%2C%22hospitalCases%22%3A%22hospitalCases%22%2C%22newCasesBySpecimenDate%22%3A%22newCasesBySpecimenDate%22%7D&format=json&page=1 HTTP/1.1" 200 None
DEBUG:urllib3.connectionpool:Starting new HTTPS connection (1): api.coronavirus.data.gov.uk:443
DEBUG:urllib3.connectionpool:https://api.coronavirus.data.gov.uk:443 "GET /v1/data?filters=areaType%3Dltla%3BareaName%3DExeter&structure=%7B%22areaCode%22%3A%22areaCode%22%2C%22areaName%22%3A%22areaName%22%2C%22areaType%22%3A%22areaType%22%2C%22date%22%3A%22date%22%2C%22cumDailyNsoDeathsByDeathDate%22%3A%22cumDailyNsoDeathsByDeathDate%22%2C%22hospitalCases%22%3A%22hospitalCases%22%2C%22newCasesBySpecimenDate%22%3A%22newCasesBySpecimenDate%22%7D&format=json&page=2 HTTP/1.1" 204 0
DEBUG:urllib3.connectionpool:Starting new HTTPS connection (1): api.coronavirus.data.gov.uk:443
DEBUG:urllib3.connectionpool:https://api.coronavirus.data.gov.uk:443 "GET /v1/data?filters=areaType%3Dnation%3BareaName%3DEngland&structure=%7B%22areaCode%22%3A%22areaCode%22%2C%22areaName%22%3A%22areaName%22%2C%22areaType%22%3A%22areaType%22%2C%22date%22%3A%22date%22%2C%22cumDailyNsoDeathsByDeathDate%22%3A%22cumDailyNsoDeathsByDeathDate%22%2C%22hospitalCases%22%3A%22hospitalCases%22%2C%22newCasesBySpecimenDate%22%3A%22newCasesBySpecimenDate%22%7D&format=json&page=1 HTTP/1.1" 200 None
DEBUG:urllib3.connectionpool:Starting new HTTPS connection (1): api.coronavirus.data.gov.uk:443
DEBUG:urllib3.connectionpool:https://api.coronavirus.data.gov.uk:443 "GET /v1/data?filters=areaType%3Dnation%3BareaName%3DEngland&structure=%7B%22areaCode%22%3A%22areaCode%22%2C%22areaName%22%3A%22areaName%22%2C%22areaType%22%3A%22areaType%22%2C%22date%22%3A%22date%22%2C%22cumDailyNsoDeathsByDeathDate%22%3A%22cumDailyNsoDeathsByDeathDate%22%2C%22hospitalCases%22%3A%22hospitalCases%22%2C%22newCasesBySpecimenDate%22%3A%22newCasesBySpecimenDate%22%7D&format=json&page=2 HTTP/1.1" 204 0
INFO:werkzeug:127.0.0.1 - - [07/Dec/2021 21:47:18] "GET /index HTTP/1.1" 200 -
INFO:werkzeug:127.0.0.1 - - [07/Dec/2021 21:47:18] "[36mGET /static/images/favicon.ico HTTP/1.1[0m" 304 -
DEBUG:urllib3.connectionpool:Starting new HTTPS connection (1): newsapi.org:443
DEBUG:urllib3.connectionpool:https://newsapi.org:443 "GET /v2/top-headlines?q=covid&language=en&country=gb HTTP/1.1" 200 None
DEBUG:urllib3.connectionpool:Starting new HTTPS connection (1): newsapi.org:443
DEBUG:urllib3.connectionpool:https://newsapi.org:443 "GET /v2/top-headlines?q=covid-19&language=en&country=gb HTTP/1.1" 200 None
DEBUG:urllib3.connectionpool:Starting new HTTPS connection (1): newsapi.org:443
DEBUG:urllib3.connectionpool:https://newsapi.org:443 "GET /v2/top-headlines?q=coronavirus&language=en&country=gb HTTP/1.1" 200 46
DEBUG:urllib3.connectionpool:Starting new HTTPS connection (1): api.coronavirus.data.gov.uk:443
DEBUG:urllib3.connectionpool:https://api.coronavirus.data.gov.uk:443 "GET /v1/data?filters=areaType%3Dltla%3BareaName%3DExeter&structure=%7B%22areaCode%22%3A%22areaCode%22%2C%22areaName%22%3A%22areaName%22%2C%22areaType%22%3A%22areaType%22%2C%22date%22%3A%22date%22%2C%22cumDailyNsoDeathsByDeathDate%22%3A%22cumDailyNsoDeathsByDeathDate%22%2C%22hospitalCases%22%3A%22hospitalCases%22%2C%22newCasesBySpecimenDate%22%3A%22newCasesBySpecimenDate%22%7D&format=json&page=1 HTTP/1.1" 200 None
DEBUG:urllib3.connectionpool:Starting new HTTPS connection (1): api.coronavirus.data.gov.uk:443
DEBUG:urllib3.connectionpool:https://api.coronavirus.data.gov.uk:443 "GET /v1/data?filters=areaType%3Dltla%3BareaName%3DExeter&structure=%7B%22areaCode%22%3A%22areaCode%22%2C%22areaName%22%3A%22areaName%22%2C%22areaType%22%3A%22areaType%22%2C%22date%22%3A%22date%22%2C%22cumDailyNsoDeathsByDeathDate%22%3A%22cumDailyNsoDeathsByDeathDate%22%2C%22hospitalCases%22%3A%22hospitalCases%22%2C%22newCasesBySpecimenDate%22%3A%22newCasesBySpecimenDate%22%7D&format=json&page=2 HTTP/1.1" 204 0
DEBUG:urllib3.connectionpool:Starting new HTTPS connection (1): api.coronavirus.data.gov.uk:443
DEBUG:urllib3.connectionpool:https://api.coronavirus.data.gov.uk:443 "GET /v1/data?filters=areaType%3Dnation%3BareaName%3DEngland&structure=%7B%22areaCode%22%3A%22areaCode%22%2C%22areaName%22%3A%22areaName%22%2C%22areaType%22%3A%22areaType%22%2C%22date%22%3A%22date%22%2C%22cumDailyNsoDeathsByDeathDate%22%3A%22cumDailyNsoDeathsByDeathDate%22%2C%22hospitalCases%22%3A%22hospitalCases%22%2C%22newCasesBySpecimenDate%22%3A%22newCasesBySpecimenDate%22%7D&format=json&page=1 HTTP/1.1" 200 None
DEBUG:urllib3.connectionpool:Starting new HTTPS connection (1): api.coronavirus.data.gov.uk:443
DEBUG:urllib3.connectionpool:https://api.coronavirus.data.gov.uk:443 "GET /v1/data?filters=areaType%3Dnation%3BareaName%3DEngland&structure=%7B%22areaCode%22%3A%22areaCode%22%2C%22areaName%22%3A%22areaName%22%2C%22areaType%22%3A%22areaType%22%2C%22date%22%3A%22date%22%2C%22cumDailyNsoDeathsByDeathDate%22%3A%22cumDailyNsoDeathsByDeathDate%22%2C%22hospitalCases%22%3A%22hospitalCases%22%2C%22newCasesBySpecimenDate%22%3A%22newCasesBySpecimenDate%22%7D&format=json&page=2 HTTP/1.1" 204 0
INFO:werkzeug:127.0.0.1 - - [07/Dec/2021 21:48:22] "GET /index HTTP/1.1" 200 -
INFO:werkzeug:127.0.0.1 - - [07/Dec/2021 21:48:22] "[36mGET /static/images/favicon.ico HTTP/1.1[0m" 304 -
DEBUG:urllib3.connectionpool:Starting new HTTPS connection (1): api.coronavirus.data.gov.uk:443
DEBUG:urllib3.connectionpool:https://api.coronavirus.data.gov.uk:443 "GET /v1/data?filters=areaType%3Dltla%3BareaName%3DExeter&structure=%7B%22areaCode%22%3A%22areaCode%22%2C%22areaName%22%3A%22areaName%22%2C%22areaType%22%3A%22areaType%22%2C%22date%22%3A%22date%22%2C%22cumDailyNsoDeathsByDeathDate%22%3A%22cumDailyNsoDeathsByDeathDate%22%2C%22hospitalCases%22%3A%22hospitalCases%22%2C%22newCasesBySpecimenDate%22%3A%22newCasesBySpecimenDate%22%7D&format=json&page=1 HTTP/1.1" 200 None
DEBUG:urllib3.connectionpool:Starting new HTTPS connection (1): api.coronavirus.data.gov.uk:443
DEBUG:urllib3.connectionpool:https://api.coronavirus.data.gov.uk:443 "GET /v1/data?filters=areaType%3Dltla%3BareaName%3DExeter&structure=%7B%22areaCode%22%3A%22areaCode%22%2C%22areaName%22%3A%22areaName%22%2C%22areaType%22%3A%22areaType%22%2C%22date%22%3A%22date%22%2C%22cumDailyNsoDeathsByDeathDate%22%3A%22cumDailyNsoDeathsByDeathDate%22%2C%22hospitalCases%22%3A%22hospitalCases%22%2C%22newCasesBySpecimenDate%22%3A%22newCasesBySpecimenDate%22%7D&format=json&page=2 HTTP/1.1" 204 0
DEBUG:urllib3.connectionpool:Starting new HTTPS connection (1): api.coronavirus.data.gov.uk:443
DEBUG:urllib3.connectionpool:https://api.coronavirus.data.gov.uk:443 "GET /v1/data?filters=areaType%3Dnation%3BareaName%3DEngland&structure=%7B%22areaCode%22%3A%22areaCode%22%2C%22areaName%22%3A%22areaName%22%2C%22areaType%22%3A%22areaType%22%2C%22date%22%3A%22date%22%2C%22cumDailyNsoDeathsByDeathDate%22%3A%22cumDailyNsoDeathsByDeathDate%22%2C%22hospitalCases%22%3A%22hospitalCases%22%2C%22newCasesBySpecimenDate%22%3A%22newCasesBySpecimenDate%22%7D&format=json&page=1 HTTP/1.1" 200 None
DEBUG:urllib3.connectionpool:Starting new HTTPS connection (1): api.coronavirus.data.gov.uk:443
DEBUG:urllib3.connectionpool:https://api.coronavirus.data.gov.uk:443 "GET /v1/data?filters=areaType%3Dnation%3BareaName%3DEngland&structure=%7B%22areaCode%22%3A%22areaCode%22%2C%22areaName%22%3A%22areaName%22%2C%22areaType%22%3A%22areaType%22%2C%22date%22%3A%22date%22%2C%22cumDailyNsoDeathsByDeathDate%22%3A%22cumDailyNsoDeathsByDeathDate%22%2C%22hospitalCases%22%3A%22hospitalCases%22%2C%22newCasesBySpecimenDate%22%3A%22newCasesBySpecimenDate%22%7D&format=json&page=2 HTTP/1.1" 204 0
INFO:werkzeug:127.0.0.1 - - [07/Dec/2021 21:53:03] "GET /index?notif=COVID-19%3A+Man+in+Germany+suspected+of+killing+his+family+and+himself+over+fake+vaccine+certificate+fears+-+Sky+News HTTP/1.1" 200 -
INFO:werkzeug:127.0.0.1 - - [07/Dec/2021 21:53:03] "[36mGET /static/images/favicon.ico HTTP/1.1[0m" 304 -
